INFO - 2021-06-11 02:38:37 --> Controller "App\Controllers\base\Beranda" loaded.
INFO - 2021-06-11 02:38:42 --> Controller "App\Controllers\base\Beranda" loaded.
INFO - 2021-06-11 02:39:14 --> Controller "App\Controllers\base\Beranda" loaded.
INFO - 2021-06-11 02:39:35 --> Controller "App\Controllers\base\Beranda" loaded.
INFO - 2021-06-11 02:39:35 --> Controller "App\Controllers\base\Beranda" loaded.
INFO - 2021-06-11 02:39:35 --> Controller "App\Controllers\base\Beranda" loaded.
INFO - 2021-06-11 02:40:39 --> Controller "App\Controllers\base\Beranda" loaded.
INFO - 2021-06-11 02:40:45 --> Controller "App\Controllers\base\Beranda" loaded.
INFO - 2021-06-11 02:40:58 --> Controller "App\Controllers\base\Beranda" loaded.
INFO - 2021-06-11 02:41:04 --> Controller "App\Controllers\base\Beranda" loaded.
INFO - 2021-06-11 02:41:09 --> Controller "App\Controllers\base\Beranda" loaded.
INFO - 2021-06-11 02:41:15 --> Controller "App\Controllers\base\Beranda" loaded.
INFO - 2021-06-11 02:41:24 --> Controller "App\Controllers\base\Beranda" loaded.
INFO - 2021-06-11 02:41:25 --> Controller "App\Controllers\base\Beranda" loaded.
INFO - 2021-06-11 02:41:25 --> Controller "App\Controllers\base\Beranda" loaded.
INFO - 2021-06-11 02:43:02 --> Controller "App\Controllers\base\Beranda" loaded.
INFO - 2021-06-11 02:43:02 --> Controller "App\Controllers\base\Beranda" loaded.
INFO - 2021-06-11 02:43:02 --> Controller "App\Controllers\base\Beranda" loaded.
INFO - 2021-06-11 02:43:02 --> Controller "App\Controllers\base\Beranda" loaded.
INFO - 2021-06-11 02:43:24 --> Controller "App\Controllers\base\Beranda" loaded.
INFO - 2021-06-11 02:44:29 --> Controller "App\Controllers\base\Beranda" loaded.
INFO - 2021-06-11 02:44:34 --> Controller "App\Controllers\base\Beranda" loaded.
INFO - 2021-06-11 02:44:38 --> Controller "App\Controllers\base\Beranda" loaded.
INFO - 2021-06-11 02:45:16 --> Controller "App\Controllers\base\Beranda" loaded.
INFO - 2021-06-11 02:45:27 --> Controller "App\Controllers\base\Beranda" loaded.
INFO - 2021-06-11 02:45:39 --> Controller "App\Controllers\base\Beranda" loaded.
INFO - 2021-06-11 02:45:44 --> Session: Class initialized using 'CodeIgniter\Session\Handlers\FileHandler' driver.
INFO - 2021-06-11 02:45:44 --> Controller "App\Controllers\base\Order" loaded.
INFO - 2021-06-11 02:45:48 --> Controller "App\Controllers\base\Beranda" loaded.
INFO - 2021-06-11 02:46:02 --> Controller "App\Controllers\base\Beranda" loaded.
INFO - 2021-06-11 02:46:02 --> Controller "App\Controllers\base\Beranda" loaded.
INFO - 2021-06-11 02:46:02 --> Controller "App\Controllers\base\Beranda" loaded.
INFO - 2021-06-11 02:48:51 --> Controller "App\Controllers\base\Beranda" loaded.
INFO - 2021-06-11 02:48:52 --> Controller "App\Controllers\base\Beranda" loaded.
INFO - 2021-06-11 02:48:52 --> Controller "App\Controllers\base\Beranda" loaded.
INFO - 2021-06-11 02:48:52 --> Controller "App\Controllers\base\Beranda" loaded.
INFO - 2021-06-11 02:49:58 --> Controller "App\Controllers\base\Beranda" loaded.
INFO - 2021-06-11 02:49:58 --> Controller "App\Controllers\base\Beranda" loaded.
INFO - 2021-06-11 02:49:58 --> Controller "App\Controllers\base\Beranda" loaded.
INFO - 2021-06-11 02:49:58 --> Controller "App\Controllers\base\Beranda" loaded.
INFO - 2021-06-11 02:50:40 --> Controller "App\Controllers\base\Beranda" loaded.
INFO - 2021-06-11 02:50:41 --> Controller "App\Controllers\base\Beranda" loaded.
INFO - 2021-06-11 02:50:41 --> Controller "App\Controllers\base\Beranda" loaded.
INFO - 2021-06-11 02:50:41 --> Controller "App\Controllers\base\Beranda" loaded.
INFO - 2021-06-11 02:50:48 --> Session: Class initialized using 'CodeIgniter\Session\Handlers\FileHandler' driver.
INFO - 2021-06-11 02:50:48 --> Controller "App\Controllers\base\Order" loaded.
INFO - 2021-06-11 02:50:48 --> Controller "App\Controllers\base\Beranda" loaded.
INFO - 2021-06-11 02:50:48 --> Controller "App\Controllers\base\Beranda" loaded.
INFO - 2021-06-11 02:50:48 --> Controller "App\Controllers\base\Beranda" loaded.
INFO - 2021-06-11 02:50:49 --> Controller "App\Controllers\base\Beranda" loaded.
INFO - 2021-06-11 02:50:51 --> Controller "App\Controllers\base\Beranda" loaded.
INFO - 2021-06-11 02:50:51 --> Controller "App\Controllers\base\Beranda" loaded.
INFO - 2021-06-11 02:50:51 --> Controller "App\Controllers\base\Beranda" loaded.
INFO - 2021-06-11 02:50:51 --> Controller "App\Controllers\base\Beranda" loaded.
INFO - 2021-06-11 02:51:01 --> Controller "App\Controllers\base\Beranda" loaded.
INFO - 2021-06-11 02:51:09 --> Session: Class initialized using 'CodeIgniter\Session\Handlers\FileHandler' driver.
INFO - 2021-06-11 02:51:09 --> Controller "App\Controllers\base\Order" loaded.
INFO - 2021-06-11 02:51:10 --> Controller "App\Controllers\base\Beranda" loaded.
INFO - 2021-06-11 02:51:23 --> Session: Class initialized using 'CodeIgniter\Session\Handlers\FileHandler' driver.
INFO - 2021-06-11 02:51:23 --> Controller "App\Controllers\base\Order" loaded.
INFO - 2021-06-11 02:52:58 --> Session: Class initialized using 'CodeIgniter\Session\Handlers\FileHandler' driver.
INFO - 2021-06-11 02:52:58 --> Controller "App\Controllers\base\Order" loaded.
INFO - 2021-06-11 02:52:59 --> Session: Class initialized using 'CodeIgniter\Session\Handlers\FileHandler' driver.
INFO - 2021-06-11 02:52:59 --> Controller "App\Controllers\base\Order" loaded.
INFO - 2021-06-11 02:55:49 --> Controller "App\Controllers\base\Beranda" loaded.
INFO - 2021-06-11 02:55:49 --> Controller "App\Controllers\base\Beranda" loaded.
INFO - 2021-06-11 02:55:49 --> Controller "App\Controllers\base\Beranda" loaded.
INFO - 2021-06-11 02:55:49 --> Controller "App\Controllers\base\Beranda" loaded.
INFO - 2021-06-11 02:57:29 --> Session: Class initialized using 'CodeIgniter\Session\Handlers\FileHandler' driver.
INFO - 2021-06-11 02:57:29 --> Controller "App\Controllers\base\Order" loaded.
INFO - 2021-06-11 02:57:29 --> Controller "App\Controllers\base\Beranda" loaded.
INFO - 2021-06-11 02:57:29 --> Controller "App\Controllers\base\Beranda" loaded.
INFO - 2021-06-11 02:57:29 --> Controller "App\Controllers\base\Beranda" loaded.
INFO - 2021-06-11 02:57:29 --> Controller "App\Controllers\base\Beranda" loaded.
INFO - 2021-06-11 02:58:29 --> Session: Class initialized using 'CodeIgniter\Session\Handlers\FileHandler' driver.
INFO - 2021-06-11 02:58:29 --> Controller "App\Controllers\base\Order" loaded.
INFO - 2021-06-11 02:58:39 --> Controller "App\Controllers\base\Beranda" loaded.
INFO - 2021-06-11 02:58:39 --> Controller "App\Controllers\base\Beranda" loaded.
INFO - 2021-06-11 02:58:39 --> Controller "App\Controllers\base\Beranda" loaded.
INFO - 2021-06-11 02:58:39 --> Controller "App\Controllers\base\Beranda" loaded.
INFO - 2021-06-11 02:59:47 --> Session: Class initialized using 'CodeIgniter\Session\Handlers\FileHandler' driver.
INFO - 2021-06-11 02:59:47 --> Controller "App\Controllers\base\Order" loaded.
INFO - 2021-06-11 02:59:48 --> Controller "App\Controllers\base\Beranda" loaded.
INFO - 2021-06-11 02:59:48 --> Controller "App\Controllers\base\Beranda" loaded.
INFO - 2021-06-11 02:59:48 --> Controller "App\Controllers\base\Beranda" loaded.
INFO - 2021-06-11 02:59:48 --> Controller "App\Controllers\base\Beranda" loaded.
INFO - 2021-06-11 03:03:14 --> Session: Class initialized using 'CodeIgniter\Session\Handlers\FileHandler' driver.
INFO - 2021-06-11 03:03:14 --> Controller "App\Controllers\base\Order" loaded.
INFO - 2021-06-11 03:03:14 --> Controller "App\Controllers\base\Beranda" loaded.
INFO - 2021-06-11 03:03:14 --> Controller "App\Controllers\base\Beranda" loaded.
INFO - 2021-06-11 03:03:14 --> Controller "App\Controllers\base\Beranda" loaded.
INFO - 2021-06-11 03:03:14 --> Controller "App\Controllers\base\Beranda" loaded.
INFO - 2021-06-11 03:04:01 --> Session: Class initialized using 'CodeIgniter\Session\Handlers\FileHandler' driver.
INFO - 2021-06-11 03:04:01 --> Controller "App\Controllers\base\Order" loaded.
INFO - 2021-06-11 03:04:01 --> Controller "App\Controllers\base\Beranda" loaded.
INFO - 2021-06-11 03:04:01 --> Controller "App\Controllers\base\Beranda" loaded.
INFO - 2021-06-11 03:04:01 --> Controller "App\Controllers\base\Beranda" loaded.
INFO - 2021-06-11 03:04:01 --> Controller "App\Controllers\base\Beranda" loaded.
INFO - 2021-06-11 03:35:38 --> Session: Class initialized using 'CodeIgniter\Session\Handlers\FileHandler' driver.
INFO - 2021-06-11 03:35:38 --> Controller "App\Controllers\base\Order" loaded.
INFO - 2021-06-11 03:35:38 --> Controller "App\Controllers\base\Beranda" loaded.
INFO - 2021-06-11 03:35:38 --> Controller "App\Controllers\base\Beranda" loaded.
INFO - 2021-06-11 03:35:38 --> Controller "App\Controllers\base\Beranda" loaded.
INFO - 2021-06-11 03:35:38 --> Controller "App\Controllers\base\Beranda" loaded.
INFO - 2021-06-11 03:35:57 --> Controller "App\Controllers\base\Beranda" loaded.
INFO - 2021-06-11 03:35:57 --> Controller "App\Controllers\base\Beranda" loaded.
INFO - 2021-06-11 03:35:57 --> Controller "App\Controllers\base\Beranda" loaded.
INFO - 2021-06-11 03:35:58 --> Controller "App\Controllers\base\Beranda" loaded.
INFO - 2021-06-11 03:36:03 --> Session: Class initialized using 'CodeIgniter\Session\Handlers\FileHandler' driver.
INFO - 2021-06-11 03:36:03 --> Controller "App\Controllers\base\Order" loaded.
INFO - 2021-06-11 03:36:03 --> Controller "App\Controllers\base\Beranda" loaded.
INFO - 2021-06-11 03:36:03 --> Controller "App\Controllers\base\Beranda" loaded.
INFO - 2021-06-11 03:36:03 --> Controller "App\Controllers\base\Beranda" loaded.
INFO - 2021-06-11 03:36:04 --> Controller "App\Controllers\base\Beranda" loaded.
INFO - 2021-06-11 03:39:40 --> Session: Class initialized using 'CodeIgniter\Session\Handlers\FileHandler' driver.
INFO - 2021-06-11 03:39:40 --> Controller "App\Controllers\base\Order" loaded.
INFO - 2021-06-11 03:39:40 --> Controller "App\Controllers\base\Beranda" loaded.
INFO - 2021-06-11 03:39:41 --> Controller "App\Controllers\base\Beranda" loaded.
INFO - 2021-06-11 03:39:41 --> Controller "App\Controllers\base\Beranda" loaded.
INFO - 2021-06-11 03:39:41 --> Controller "App\Controllers\base\Beranda" loaded.
INFO - 2021-06-11 03:39:57 --> Session: Class initialized using 'CodeIgniter\Session\Handlers\FileHandler' driver.
INFO - 2021-06-11 03:39:57 --> Controller "App\Controllers\base\Order" loaded.
INFO - 2021-06-11 03:39:57 --> Controller "App\Controllers\base\Beranda" loaded.
INFO - 2021-06-11 03:39:57 --> Controller "App\Controllers\base\Beranda" loaded.
INFO - 2021-06-11 03:39:57 --> Controller "App\Controllers\base\Beranda" loaded.
INFO - 2021-06-11 03:39:57 --> Controller "App\Controllers\base\Beranda" loaded.
INFO - 2021-06-11 03:41:56 --> Session: Class initialized using 'CodeIgniter\Session\Handlers\FileHandler' driver.
INFO - 2021-06-11 03:41:56 --> Controller "App\Controllers\base\Order" loaded.
INFO - 2021-06-11 03:41:57 --> Controller "App\Controllers\base\Beranda" loaded.
INFO - 2021-06-11 03:41:57 --> Controller "App\Controllers\base\Beranda" loaded.
INFO - 2021-06-11 03:41:57 --> Controller "App\Controllers\base\Beranda" loaded.
INFO - 2021-06-11 03:41:57 --> Controller "App\Controllers\base\Beranda" loaded.
INFO - 2021-06-11 03:42:36 --> Session: Class initialized using 'CodeIgniter\Session\Handlers\FileHandler' driver.
INFO - 2021-06-11 03:42:36 --> Controller "App\Controllers\base\Order" loaded.
INFO - 2021-06-11 03:42:36 --> Controller "App\Controllers\base\Beranda" loaded.
INFO - 2021-06-11 03:42:36 --> Controller "App\Controllers\base\Beranda" loaded.
INFO - 2021-06-11 03:42:36 --> Controller "App\Controllers\base\Beranda" loaded.
INFO - 2021-06-11 03:42:36 --> Controller "App\Controllers\base\Beranda" loaded.
INFO - 2021-06-11 03:43:54 --> Session: Class initialized using 'CodeIgniter\Session\Handlers\FileHandler' driver.
INFO - 2021-06-11 03:43:54 --> Controller "App\Controllers\base\Order" loaded.
INFO - 2021-06-11 03:43:54 --> Controller "App\Controllers\base\Beranda" loaded.
INFO - 2021-06-11 03:43:54 --> Controller "App\Controllers\base\Beranda" loaded.
INFO - 2021-06-11 03:43:54 --> Controller "App\Controllers\base\Beranda" loaded.
INFO - 2021-06-11 03:43:54 --> Controller "App\Controllers\base\Beranda" loaded.
INFO - 2021-06-11 03:45:11 --> Session: Class initialized using 'CodeIgniter\Session\Handlers\FileHandler' driver.
INFO - 2021-06-11 03:45:11 --> Controller "App\Controllers\base\Order" loaded.
INFO - 2021-06-11 03:45:11 --> Controller "App\Controllers\base\Beranda" loaded.
INFO - 2021-06-11 03:45:11 --> Controller "App\Controllers\base\Beranda" loaded.
INFO - 2021-06-11 03:45:11 --> Controller "App\Controllers\base\Beranda" loaded.
INFO - 2021-06-11 03:45:11 --> Controller "App\Controllers\base\Beranda" loaded.
INFO - 2021-06-11 03:45:30 --> Session: Class initialized using 'CodeIgniter\Session\Handlers\FileHandler' driver.
INFO - 2021-06-11 03:45:30 --> Controller "App\Controllers\base\Order" loaded.
INFO - 2021-06-11 03:45:30 --> Controller "App\Controllers\base\Beranda" loaded.
INFO - 2021-06-11 03:45:30 --> Controller "App\Controllers\base\Beranda" loaded.
INFO - 2021-06-11 03:45:30 --> Controller "App\Controllers\base\Beranda" loaded.
INFO - 2021-06-11 03:45:30 --> Controller "App\Controllers\base\Beranda" loaded.
INFO - 2021-06-11 03:48:10 --> Session: Class initialized using 'CodeIgniter\Session\Handlers\FileHandler' driver.
INFO - 2021-06-11 03:48:10 --> Controller "App\Controllers\base\Order" loaded.
INFO - 2021-06-11 03:48:11 --> Controller "App\Controllers\base\Beranda" loaded.
INFO - 2021-06-11 03:48:11 --> Controller "App\Controllers\base\Beranda" loaded.
INFO - 2021-06-11 03:48:11 --> Controller "App\Controllers\base\Beranda" loaded.
INFO - 2021-06-11 03:48:11 --> Controller "App\Controllers\base\Beranda" loaded.
INFO - 2021-06-11 03:48:17 --> Controller "App\Controllers\base\Beranda" loaded.
INFO - 2021-06-11 03:48:30 --> Session: Class initialized using 'CodeIgniter\Session\Handlers\FileHandler' driver.
INFO - 2021-06-11 03:48:30 --> Controller "App\Controllers\base\Order" loaded.
INFO - 2021-06-11 03:48:30 --> Controller "App\Controllers\base\Beranda" loaded.
INFO - 2021-06-11 03:48:30 --> Controller "App\Controllers\base\Beranda" loaded.
INFO - 2021-06-11 03:48:30 --> Controller "App\Controllers\base\Beranda" loaded.
INFO - 2021-06-11 03:48:30 --> Controller "App\Controllers\base\Beranda" loaded.
INFO - 2021-06-11 03:49:02 --> Session: Class initialized using 'CodeIgniter\Session\Handlers\FileHandler' driver.
INFO - 2021-06-11 03:49:02 --> Controller "App\Controllers\base\Order" loaded.
INFO - 2021-06-11 17:09:40 --> Controller "CodeIgniter\CLI\CommandRunner" loaded.
INFO - 2021-06-11 17:09:53 --> Controller "App\Controllers\base\Beranda" loaded.
INFO - 2021-06-11 17:10:06 --> Session: Class initialized using 'CodeIgniter\Session\Handlers\FileHandler' driver.
INFO - 2021-06-11 17:10:06 --> Controller "App\Controllers\base\Dashboard" loaded.
INFO - 2021-06-11 17:10:07 --> Session: Class initialized using 'CodeIgniter\Session\Handlers\FileHandler' driver.
INFO - 2021-06-11 17:10:07 --> Controller "App\Controllers\base\Dashboard" loaded.
INFO - 2021-06-11 17:11:07 --> Session: Class initialized using 'CodeIgniter\Session\Handlers\FileHandler' driver.
INFO - 2021-06-11 17:11:07 --> Controller "App\Controllers\base\Dashboard" loaded.
INFO - 2021-06-11 17:11:35 --> Session: Class initialized using 'CodeIgniter\Session\Handlers\FileHandler' driver.
INFO - 2021-06-11 17:11:35 --> Controller "App\Controllers\base\Dashboard" loaded.
INFO - 2021-06-11 17:13:37 --> Controller "App\Controllers\base\Beranda" loaded.
INFO - 2021-06-11 17:14:06 --> Controller "App\Controllers\base\Beranda" loaded.
INFO - 2021-06-11 17:14:22 --> Session: Class initialized using 'CodeIgniter\Session\Handlers\FileHandler' driver.
INFO - 2021-06-11 17:14:22 --> Controller "App\Controllers\base\Dashboard" loaded.
INFO - 2021-06-11 17:14:22 --> Session: Class initialized using 'CodeIgniter\Session\Handlers\FileHandler' driver.
INFO - 2021-06-11 17:14:22 --> Controller "App\Controllers\base\Dashboard" loaded.
INFO - 2021-06-11 17:14:56 --> Session: Class initialized using 'CodeIgniter\Session\Handlers\FileHandler' driver.
INFO - 2021-06-11 17:14:56 --> Controller "App\Controllers\base\Dashboard" loaded.
INFO - 2021-06-11 17:14:56 --> Session: Class initialized using 'CodeIgniter\Session\Handlers\FileHandler' driver.
INFO - 2021-06-11 17:14:56 --> Controller "App\Controllers\base\Dashboard" loaded.
INFO - 2021-06-11 17:15:57 --> Controller "App\Controllers\base\Beranda" loaded.
INFO - 2021-06-11 17:16:03 --> Session: Class initialized using 'CodeIgniter\Session\Handlers\FileHandler' driver.
INFO - 2021-06-11 17:16:03 --> Controller "App\Controllers\base\Order" loaded.
INFO - 2021-06-11 17:16:19 --> Controller "App\Controllers\base\Beranda" loaded.
INFO - 2021-06-11 17:16:24 --> Controller "App\Controllers\base\Beranda" loaded.
INFO - 2021-06-11 17:27:01 --> Controller "App\Controllers\base\Beranda" loaded.
INFO - 2021-06-11 17:28:38 --> Controller "App\Controllers\base\Beranda" loaded.
INFO - 2021-06-11 17:29:39 --> Controller "App\Controllers\base\Beranda" loaded.
INFO - 2021-06-11 17:29:59 --> Controller "App\Controllers\base\Beranda" loaded.
INFO - 2021-06-11 17:30:25 --> Controller "App\Controllers\base\Beranda" loaded.
INFO - 2021-06-11 17:30:40 --> Controller "App\Controllers\base\Beranda" loaded.
INFO - 2021-06-11 17:30:53 --> Controller "App\Controllers\base\Beranda" loaded.
INFO - 2021-06-11 17:31:12 --> Controller "App\Controllers\base\Beranda" loaded.
INFO - 2021-06-11 17:35:33 --> Controller "App\Controllers\base\Beranda" loaded.
INFO - 2021-06-11 17:38:48 --> Controller "App\Controllers\base\Beranda" loaded.
INFO - 2021-06-11 17:40:23 --> Controller "App\Controllers\base\Beranda" loaded.
INFO - 2021-06-11 17:40:33 --> Controller "App\Controllers\base\Beranda" loaded.
INFO - 2021-06-11 17:40:44 --> Controller "App\Controllers\base\Beranda" loaded.
INFO - 2021-06-11 17:41:07 --> Controller "App\Controllers\base\Beranda" loaded.
INFO - 2021-06-11 17:41:22 --> Controller "App\Controllers\base\Beranda" loaded.
INFO - 2021-06-11 17:44:32 --> Controller "App\Controllers\base\Beranda" loaded.
INFO - 2021-06-11 17:45:01 --> Controller "App\Controllers\base\Beranda" loaded.
INFO - 2021-06-11 17:45:48 --> Controller "App\Controllers\base\Beranda" loaded.
INFO - 2021-06-11 17:46:04 --> Controller "App\Controllers\base\Beranda" loaded.
INFO - 2021-06-11 17:47:10 --> Controller "App\Controllers\base\Beranda" loaded.
INFO - 2021-06-11 17:47:19 --> Controller "App\Controllers\base\Beranda" loaded.
INFO - 2021-06-11 17:48:04 --> Controller "App\Controllers\base\Beranda" loaded.
INFO - 2021-06-11 17:49:33 --> Controller "App\Controllers\base\Beranda" loaded.
INFO - 2021-06-11 17:49:53 --> Controller "App\Controllers\base\Beranda" loaded.
INFO - 2021-06-11 17:55:50 --> Controller "App\Controllers\base\Beranda" loaded.
INFO - 2021-06-11 17:56:09 --> Controller "App\Controllers\base\Beranda" loaded.
INFO - 2021-06-11 17:56:45 --> Controller "App\Controllers\base\Beranda" loaded.
INFO - 2021-06-11 17:56:51 --> Session: Class initialized using 'CodeIgniter\Session\Handlers\FileHandler' driver.
INFO - 2021-06-11 17:56:51 --> Controller "App\Controllers\base\Order" loaded.
INFO - 2021-06-11 17:56:54 --> Controller "App\Controllers\base\Beranda" loaded.
INFO - 2021-06-11 17:56:56 --> Controller "App\Controllers\base\Beranda" loaded.
INFO - 2021-06-11 17:57:09 --> Controller "App\Controllers\base\Beranda" loaded.
INFO - 2021-06-11 17:57:16 --> Controller "App\Controllers\base\Beranda" loaded.
INFO - 2021-06-11 17:57:28 --> Controller "App\Controllers\base\Beranda" loaded.
INFO - 2021-06-11 17:57:32 --> Controller "App\Controllers\base\Beranda" loaded.
INFO - 2021-06-11 17:57:55 --> Controller "App\Controllers\base\Beranda" loaded.
INFO - 2021-06-11 17:58:00 --> Controller "App\Controllers\base\Beranda" loaded.
INFO - 2021-06-11 17:58:13 --> Controller "App\Controllers\base\Beranda" loaded.
INFO - 2021-06-11 17:58:50 --> Controller "App\Controllers\base\Beranda" loaded.
INFO - 2021-06-11 17:59:08 --> Session: Class initialized using 'CodeIgniter\Session\Handlers\FileHandler' driver.
INFO - 2021-06-11 17:59:08 --> Controller "App\Controllers\base\Order" loaded.
INFO - 2021-06-11 17:59:21 --> Controller "App\Controllers\base\Beranda" loaded.
INFO - 2021-06-11 17:59:25 --> Controller "App\Controllers\base\Beranda" loaded.
INFO - 2021-06-11 17:59:28 --> Controller "App\Controllers\base\Beranda" loaded.
INFO - 2021-06-11 17:59:36 --> Controller "App\Controllers\base\Beranda" loaded.
INFO - 2021-06-11 17:59:41 --> Controller "App\Controllers\base\Beranda" loaded.
INFO - 2021-06-11 17:59:42 --> Controller "App\Controllers\base\Beranda" loaded.
INFO - 2021-06-11 17:59:53 --> Controller "App\Controllers\base\Beranda" loaded.
INFO - 2021-06-11 17:59:59 --> Controller "App\Controllers\base\Beranda" loaded.
INFO - 2021-06-11 18:00:10 --> Session: Class initialized using 'CodeIgniter\Session\Handlers\FileHandler' driver.
INFO - 2021-06-11 18:00:10 --> Controller "App\Controllers\base\Dashboard" loaded.
INFO - 2021-06-11 18:01:18 --> Session: Class initialized using 'CodeIgniter\Session\Handlers\FileHandler' driver.
INFO - 2021-06-11 18:01:18 --> Controller "App\Controllers\base\Dashboard" loaded.
INFO - 2021-06-11 18:03:31 --> Session: Class initialized using 'CodeIgniter\Session\Handlers\FileHandler' driver.
INFO - 2021-06-11 18:03:31 --> Controller "App\Controllers\base\Dashboard" loaded.
INFO - 2021-06-11 18:09:01 --> Session: Class initialized using 'CodeIgniter\Session\Handlers\FileHandler' driver.
INFO - 2021-06-11 18:09:01 --> Controller "App\Controllers\base\Dashboard" loaded.
INFO - 2021-06-11 18:09:49 --> Session: Class initialized using 'CodeIgniter\Session\Handlers\FileHandler' driver.
INFO - 2021-06-11 18:09:49 --> Controller "App\Controllers\base\Dashboard" loaded.
INFO - 2021-06-11 18:10:17 --> Session: Class initialized using 'CodeIgniter\Session\Handlers\FileHandler' driver.
INFO - 2021-06-11 18:10:17 --> Controller "App\Controllers\base\Dashboard" loaded.
INFO - 2021-06-11 18:10:59 --> Session: Class initialized using 'CodeIgniter\Session\Handlers\FileHandler' driver.
INFO - 2021-06-11 18:10:59 --> Controller "App\Controllers\base\Dashboard" loaded.
INFO - 2021-06-11 18:11:23 --> Session: Class initialized using 'CodeIgniter\Session\Handlers\FileHandler' driver.
INFO - 2021-06-11 18:11:23 --> Controller "App\Controllers\base\Dashboard" loaded.
INFO - 2021-06-11 18:11:57 --> Session: Class initialized using 'CodeIgniter\Session\Handlers\FileHandler' driver.
INFO - 2021-06-11 18:11:57 --> Controller "App\Controllers\base\Dashboard" loaded.
INFO - 2021-06-11 18:13:06 --> Controller "App\Controllers\base\Beranda" loaded.
INFO - 2021-06-11 18:13:06 --> Controller "App\Controllers\base\Beranda" loaded.
INFO - 2021-06-11 18:13:06 --> Controller "App\Controllers\base\Beranda" loaded.
INFO - 2021-06-11 18:13:06 --> Controller "App\Controllers\base\Beranda" loaded.
INFO - 2021-06-11 18:13:26 --> Session: Class initialized using 'CodeIgniter\Session\Handlers\FileHandler' driver.
INFO - 2021-06-11 18:13:26 --> Controller "App\Controllers\base\Dashboard" loaded.
INFO - 2021-06-11 18:13:54 --> Session: Class initialized using 'CodeIgniter\Session\Handlers\FileHandler' driver.
INFO - 2021-06-11 18:13:54 --> Controller "App\Controllers\base\Dashboard" loaded.
INFO - 2021-06-11 18:15:48 --> Controller "App\Controllers\base\Beranda" loaded.
INFO - 2021-06-11 18:15:49 --> Controller "App\Controllers\base\Beranda" loaded.
INFO - 2021-06-11 18:15:49 --> Controller "App\Controllers\base\Beranda" loaded.
INFO - 2021-06-11 18:15:49 --> Controller "App\Controllers\base\Beranda" loaded.
INFO - 2021-06-11 18:17:15 --> Session: Class initialized using 'CodeIgniter\Session\Handlers\FileHandler' driver.
INFO - 2021-06-11 18:17:15 --> Controller "App\Controllers\base\Dashboard" loaded.
INFO - 2021-06-11 18:18:09 --> Session: Class initialized using 'CodeIgniter\Session\Handlers\FileHandler' driver.
INFO - 2021-06-11 18:18:09 --> Controller "App\Controllers\base\Dashboard" loaded.
INFO - 2021-06-11 18:26:04 --> Session: Class initialized using 'CodeIgniter\Session\Handlers\FileHandler' driver.
INFO - 2021-06-11 18:26:04 --> Controller "App\Controllers\base\Dashboard" loaded.
INFO - 2021-06-11 18:26:24 --> Session: Class initialized using 'CodeIgniter\Session\Handlers\FileHandler' driver.
INFO - 2021-06-11 18:26:24 --> Controller "App\Controllers\base\Dashboard" loaded.
INFO - 2021-06-11 18:26:58 --> Session: Class initialized using 'CodeIgniter\Session\Handlers\FileHandler' driver.
INFO - 2021-06-11 18:26:58 --> Controller "App\Controllers\base\Dashboard" loaded.
INFO - 2021-06-11 18:27:34 --> Session: Class initialized using 'CodeIgniter\Session\Handlers\FileHandler' driver.
INFO - 2021-06-11 18:27:34 --> Controller "App\Controllers\base\Dashboard" loaded.
INFO - 2021-06-11 18:27:55 --> Session: Class initialized using 'CodeIgniter\Session\Handlers\FileHandler' driver.
INFO - 2021-06-11 18:27:55 --> Controller "App\Controllers\base\Dashboard" loaded.
INFO - 2021-06-11 18:27:55 --> Session: Class initialized using 'CodeIgniter\Session\Handlers\FileHandler' driver.
INFO - 2021-06-11 18:27:55 --> Controller "App\Controllers\base\Dashboard" loaded.
INFO - 2021-06-11 18:29:45 --> Session: Class initialized using 'CodeIgniter\Session\Handlers\FileHandler' driver.
INFO - 2021-06-11 18:29:45 --> Controller "App\Controllers\base\Dashboard" loaded.
INFO - 2021-06-11 18:30:04 --> Session: Class initialized using 'CodeIgniter\Session\Handlers\FileHandler' driver.
INFO - 2021-06-11 18:30:04 --> Controller "App\Controllers\base\Dashboard" loaded.
INFO - 2021-06-11 18:30:26 --> Session: Class initialized using 'CodeIgniter\Session\Handlers\FileHandler' driver.
INFO - 2021-06-11 18:30:26 --> Controller "App\Controllers\base\Dashboard" loaded.
INFO - 2021-06-11 18:31:07 --> Session: Class initialized using 'CodeIgniter\Session\Handlers\FileHandler' driver.
INFO - 2021-06-11 18:31:07 --> Controller "App\Controllers\base\Dashboard" loaded.
INFO - 2021-06-11 23:29:07 --> Session: Class initialized using 'CodeIgniter\Session\Handlers\FileHandler' driver.
INFO - 2021-06-11 23:29:07 --> Controller "App\Controllers\base\Dashboard" loaded.
INFO - 2021-06-11 23:29:42 --> Session: Class initialized using 'CodeIgniter\Session\Handlers\FileHandler' driver.
INFO - 2021-06-11 23:29:43 --> Controller "App\Controllers\base\Dashboard" loaded.
INFO - 2021-06-11 23:30:17 --> Session: Class initialized using 'CodeIgniter\Session\Handlers\FileHandler' driver.
INFO - 2021-06-11 23:30:17 --> Controller "App\Controllers\base\Dashboard" loaded.
