INFO - 2021-06-12 04:44:22 --> Controller "CodeIgniter\CLI\CommandRunner" loaded.
INFO - 2021-06-12 04:45:28 --> Controller "App\Controllers\base\Beranda" loaded.
INFO - 2021-06-12 04:45:30 --> Session: Class initialized using 'CodeIgniter\Session\Handlers\FileHandler' driver.
INFO - 2021-06-12 04:45:30 --> Controller "App\Controllers\base\Dashboard" loaded.
INFO - 2021-06-12 04:46:07 --> Session: Class initialized using 'CodeIgniter\Session\Handlers\FileHandler' driver.
INFO - 2021-06-12 04:46:07 --> Controller "App\Controllers\base\Dashboard" loaded.
INFO - 2021-06-12 04:50:56 --> Session: Class initialized using 'CodeIgniter\Session\Handlers\FileHandler' driver.
INFO - 2021-06-12 04:50:56 --> Controller "App\Controllers\base\Dashboard" loaded.
INFO - 2021-06-12 04:51:20 --> Session: Class initialized using 'CodeIgniter\Session\Handlers\FileHandler' driver.
INFO - 2021-06-12 04:51:20 --> Controller "App\Controllers\base\Dashboard" loaded.
INFO - 2021-06-12 04:57:49 --> Session: Class initialized using 'CodeIgniter\Session\Handlers\FileHandler' driver.
INFO - 2021-06-12 04:57:49 --> Controller "App\Controllers\base\Dashboard" loaded.
INFO - 2021-06-12 05:01:02 --> Controller "App\Controllers\base\Beranda" loaded.
INFO - 2021-06-12 05:01:09 --> Session: Class initialized using 'CodeIgniter\Session\Handlers\FileHandler' driver.
INFO - 2021-06-12 05:01:09 --> Controller "App\Controllers\base\Dashboard" loaded.
INFO - 2021-06-12 05:01:11 --> Controller "App\Controllers\base\Beranda" loaded.
INFO - 2021-06-12 05:02:04 --> Session: Class initialized using 'CodeIgniter\Session\Handlers\FileHandler' driver.
INFO - 2021-06-12 05:02:04 --> Controller "App\Controllers\base\Dashboard" loaded.
INFO - 2021-06-12 05:02:26 --> Session: Class initialized using 'CodeIgniter\Session\Handlers\FileHandler' driver.
INFO - 2021-06-12 05:02:26 --> Controller "App\Controllers\base\Dashboard" loaded.
INFO - 2021-06-12 05:02:26 --> Session: Class initialized using 'CodeIgniter\Session\Handlers\FileHandler' driver.
INFO - 2021-06-12 05:02:26 --> Controller "App\Controllers\base\Dashboard" loaded.
INFO - 2021-06-12 05:06:32 --> Session: Class initialized using 'CodeIgniter\Session\Handlers\FileHandler' driver.
INFO - 2021-06-12 05:06:32 --> Controller "App\Controllers\base\Dashboard" loaded.
INFO - 2021-06-12 05:07:40 --> Controller "App\Controllers\base\Beranda" loaded.
INFO - 2021-06-12 05:10:33 --> Session: Class initialized using 'CodeIgniter\Session\Handlers\FileHandler' driver.
INFO - 2021-06-12 05:10:33 --> Controller "App\Controllers\base\Dashboard" loaded.
INFO - 2021-06-12 05:10:33 --> Controller "App\Controllers\base\Beranda" loaded.
INFO - 2021-06-12 05:11:17 --> Session: Class initialized using 'CodeIgniter\Session\Handlers\FileHandler' driver.
INFO - 2021-06-12 05:11:17 --> Controller "App\Controllers\base\Dashboard" loaded.
INFO - 2021-06-12 05:11:17 --> Controller "App\Controllers\base\Beranda" loaded.
INFO - 2021-06-12 05:11:37 --> Session: Class initialized using 'CodeIgniter\Session\Handlers\FileHandler' driver.
INFO - 2021-06-12 05:11:37 --> Controller "App\Controllers\base\Dashboard" loaded.
INFO - 2021-06-12 05:11:37 --> Controller "App\Controllers\base\Beranda" loaded.
INFO - 2021-06-12 05:12:59 --> Session: Class initialized using 'CodeIgniter\Session\Handlers\FileHandler' driver.
INFO - 2021-06-12 05:12:59 --> Controller "App\Controllers\base\Dashboard" loaded.
INFO - 2021-06-12 05:12:59 --> Controller "App\Controllers\base\Beranda" loaded.
INFO - 2021-06-12 05:14:04 --> Session: Class initialized using 'CodeIgniter\Session\Handlers\FileHandler' driver.
INFO - 2021-06-12 05:14:04 --> Controller "App\Controllers\base\Dashboard" loaded.
INFO - 2021-06-12 05:14:05 --> Controller "App\Controllers\base\Beranda" loaded.
INFO - 2021-06-12 05:14:54 --> Session: Class initialized using 'CodeIgniter\Session\Handlers\FileHandler' driver.
INFO - 2021-06-12 05:14:54 --> Controller "App\Controllers\base\Dashboard" loaded.
INFO - 2021-06-12 05:14:54 --> Controller "App\Controllers\base\Beranda" loaded.
INFO - 2021-06-12 05:15:30 --> Session: Class initialized using 'CodeIgniter\Session\Handlers\FileHandler' driver.
INFO - 2021-06-12 05:15:30 --> Controller "App\Controllers\base\Dashboard" loaded.
INFO - 2021-06-12 05:15:30 --> Controller "App\Controllers\base\Beranda" loaded.
INFO - 2021-06-12 05:16:20 --> Session: Class initialized using 'CodeIgniter\Session\Handlers\FileHandler' driver.
INFO - 2021-06-12 05:16:20 --> Controller "App\Controllers\base\Dashboard" loaded.
INFO - 2021-06-12 05:16:20 --> Controller "App\Controllers\base\Beranda" loaded.
INFO - 2021-06-12 05:16:41 --> Session: Class initialized using 'CodeIgniter\Session\Handlers\FileHandler' driver.
INFO - 2021-06-12 05:16:41 --> Controller "App\Controllers\base\Dashboard" loaded.
INFO - 2021-06-12 05:16:41 --> Controller "App\Controllers\base\Beranda" loaded.
INFO - 2021-06-12 05:16:51 --> Session: Class initialized using 'CodeIgniter\Session\Handlers\FileHandler' driver.
INFO - 2021-06-12 05:16:51 --> Controller "App\Controllers\base\Dashboard" loaded.
INFO - 2021-06-12 05:16:51 --> Controller "App\Controllers\base\Beranda" loaded.
INFO - 2021-06-12 14:34:24 --> Session: Class initialized using 'CodeIgniter\Session\Handlers\FileHandler' driver.
INFO - 2021-06-12 14:34:24 --> Session: Class initialized using 'CodeIgniter\Session\Handlers\FileHandler' driver.
INFO - 2021-06-12 14:34:24 --> Controller "App\Controllers\base\Dashboard" loaded.
INFO - 2021-06-12 14:34:37 --> Session: Class initialized using 'CodeIgniter\Session\Handlers\FileHandler' driver.
INFO - 2021-06-12 14:34:37 --> Controller "App\Controllers\base\Dashboard" loaded.
INFO - 2021-06-12 14:34:37 --> Session: Class initialized using 'CodeIgniter\Session\Handlers\FileHandler' driver.
INFO - 2021-06-12 14:34:37 --> Controller "App\Controllers\base\Dashboard" loaded.
INFO - 2021-06-12 14:34:37 --> Controller "App\Controllers\base\Beranda" loaded.
INFO - 2021-06-12 14:36:16 --> Session: Class initialized using 'CodeIgniter\Session\Handlers\FileHandler' driver.
INFO - 2021-06-12 14:36:16 --> Controller "App\Controllers\base\Dashboard" loaded.
INFO - 2021-06-12 14:36:16 --> Controller "App\Controllers\base\Beranda" loaded.
INFO - 2021-06-12 14:37:49 --> Session: Class initialized using 'CodeIgniter\Session\Handlers\FileHandler' driver.
INFO - 2021-06-12 14:37:49 --> Controller "App\Controllers\base\Dashboard" loaded.
INFO - 2021-06-12 14:37:49 --> Controller "App\Controllers\base\Beranda" loaded.
INFO - 2021-06-12 14:37:57 --> Session: Class initialized using 'CodeIgniter\Session\Handlers\FileHandler' driver.
INFO - 2021-06-12 14:37:57 --> Controller "App\Controllers\base\Dashboard" loaded.
INFO - 2021-06-12 14:37:58 --> Controller "App\Controllers\base\Beranda" loaded.
INFO - 2021-06-12 14:38:50 --> Session: Class initialized using 'CodeIgniter\Session\Handlers\FileHandler' driver.
INFO - 2021-06-12 14:38:50 --> Controller "App\Controllers\base\Dashboard" loaded.
INFO - 2021-06-12 14:38:50 --> Controller "App\Controllers\base\Beranda" loaded.
INFO - 2021-06-12 14:40:47 --> Session: Class initialized using 'CodeIgniter\Session\Handlers\FileHandler' driver.
INFO - 2021-06-12 14:40:47 --> Controller "App\Controllers\base\Dashboard" loaded.
INFO - 2021-06-12 14:40:48 --> Controller "App\Controllers\base\Beranda" loaded.
INFO - 2021-06-12 14:41:24 --> Session: Class initialized using 'CodeIgniter\Session\Handlers\FileHandler' driver.
INFO - 2021-06-12 14:41:24 --> Controller "App\Controllers\base\Dashboard" loaded.
INFO - 2021-06-12 14:41:24 --> Controller "App\Controllers\base\Beranda" loaded.
INFO - 2021-06-12 14:42:01 --> Session: Class initialized using 'CodeIgniter\Session\Handlers\FileHandler' driver.
INFO - 2021-06-12 14:42:02 --> Controller "App\Controllers\base\Dashboard" loaded.
INFO - 2021-06-12 14:42:02 --> Controller "App\Controllers\base\Beranda" loaded.
INFO - 2021-06-12 14:43:21 --> Session: Class initialized using 'CodeIgniter\Session\Handlers\FileHandler' driver.
INFO - 2021-06-12 14:43:21 --> Controller "App\Controllers\base\Dashboard" loaded.
INFO - 2021-06-12 14:43:21 --> Controller "App\Controllers\base\Beranda" loaded.
INFO - 2021-06-12 14:45:56 --> Session: Class initialized using 'CodeIgniter\Session\Handlers\FileHandler' driver.
INFO - 2021-06-12 14:45:56 --> Controller "App\Controllers\base\Dashboard" loaded.
INFO - 2021-06-12 14:45:56 --> Controller "App\Controllers\base\Beranda" loaded.
INFO - 2021-06-12 14:46:34 --> Session: Class initialized using 'CodeIgniter\Session\Handlers\FileHandler' driver.
INFO - 2021-06-12 14:46:34 --> Controller "App\Controllers\base\Dashboard" loaded.
INFO - 2021-06-12 14:46:35 --> Controller "App\Controllers\base\Beranda" loaded.
INFO - 2021-06-12 14:47:49 --> Session: Class initialized using 'CodeIgniter\Session\Handlers\FileHandler' driver.
INFO - 2021-06-12 14:47:49 --> Controller "App\Controllers\base\Dashboard" loaded.
INFO - 2021-06-12 14:47:49 --> Controller "App\Controllers\base\Beranda" loaded.
INFO - 2021-06-12 14:48:01 --> Session: Class initialized using 'CodeIgniter\Session\Handlers\FileHandler' driver.
INFO - 2021-06-12 14:48:01 --> Controller "App\Controllers\base\Dashboard" loaded.
INFO - 2021-06-12 14:48:01 --> Controller "App\Controllers\base\Beranda" loaded.
INFO - 2021-06-12 14:52:13 --> Session: Class initialized using 'CodeIgniter\Session\Handlers\FileHandler' driver.
INFO - 2021-06-12 14:52:13 --> Controller "App\Controllers\base\Dashboard" loaded.
INFO - 2021-06-12 14:52:13 --> Controller "App\Controllers\base\Beranda" loaded.
INFO - 2021-06-12 14:54:45 --> Session: Class initialized using 'CodeIgniter\Session\Handlers\FileHandler' driver.
INFO - 2021-06-12 14:54:45 --> Controller "App\Controllers\base\Dashboard" loaded.
INFO - 2021-06-12 14:54:45 --> Controller "App\Controllers\base\Beranda" loaded.
INFO - 2021-06-12 14:57:03 --> Session: Class initialized using 'CodeIgniter\Session\Handlers\FileHandler' driver.
INFO - 2021-06-12 14:57:03 --> Controller "App\Controllers\base\Dashboard" loaded.
INFO - 2021-06-12 14:57:04 --> Controller "App\Controllers\base\Beranda" loaded.
INFO - 2021-06-12 14:57:41 --> Session: Class initialized using 'CodeIgniter\Session\Handlers\FileHandler' driver.
INFO - 2021-06-12 14:57:41 --> Controller "App\Controllers\base\Dashboard" loaded.
INFO - 2021-06-12 14:57:41 --> Controller "App\Controllers\base\Beranda" loaded.
INFO - 2021-06-12 14:58:37 --> Session: Class initialized using 'CodeIgniter\Session\Handlers\FileHandler' driver.
INFO - 2021-06-12 14:58:37 --> Controller "App\Controllers\base\Dashboard" loaded.
INFO - 2021-06-12 14:58:37 --> Controller "App\Controllers\base\Beranda" loaded.
INFO - 2021-06-12 14:59:28 --> Session: Class initialized using 'CodeIgniter\Session\Handlers\FileHandler' driver.
INFO - 2021-06-12 14:59:28 --> Controller "App\Controllers\base\Dashboard" loaded.
INFO - 2021-06-12 14:59:28 --> Controller "App\Controllers\base\Beranda" loaded.
INFO - 2021-06-12 15:00:33 --> Session: Class initialized using 'CodeIgniter\Session\Handlers\FileHandler' driver.
INFO - 2021-06-12 15:00:33 --> Controller "App\Controllers\base\Dashboard" loaded.
INFO - 2021-06-12 15:00:33 --> Controller "App\Controllers\base\Beranda" loaded.
INFO - 2021-06-12 15:02:28 --> Session: Class initialized using 'CodeIgniter\Session\Handlers\FileHandler' driver.
INFO - 2021-06-12 15:02:28 --> Controller "App\Controllers\base\Dashboard" loaded.
INFO - 2021-06-12 15:02:29 --> Controller "App\Controllers\base\Beranda" loaded.
INFO - 2021-06-12 15:03:08 --> Session: Class initialized using 'CodeIgniter\Session\Handlers\FileHandler' driver.
INFO - 2021-06-12 15:03:08 --> Controller "App\Controllers\base\Dashboard" loaded.
INFO - 2021-06-12 15:03:08 --> Controller "App\Controllers\base\Beranda" loaded.
INFO - 2021-06-12 15:05:17 --> Session: Class initialized using 'CodeIgniter\Session\Handlers\FileHandler' driver.
INFO - 2021-06-12 15:05:17 --> Controller "App\Controllers\base\Dashboard" loaded.
INFO - 2021-06-12 15:05:18 --> Controller "App\Controllers\base\Beranda" loaded.
INFO - 2021-06-12 15:05:47 --> Session: Class initialized using 'CodeIgniter\Session\Handlers\FileHandler' driver.
INFO - 2021-06-12 15:05:48 --> Controller "App\Controllers\base\Dashboard" loaded.
INFO - 2021-06-12 15:05:48 --> Controller "App\Controllers\base\Beranda" loaded.
INFO - 2021-06-12 15:07:15 --> Session: Class initialized using 'CodeIgniter\Session\Handlers\FileHandler' driver.
INFO - 2021-06-12 15:07:15 --> Controller "App\Controllers\base\Dashboard" loaded.
INFO - 2021-06-12 15:07:16 --> Controller "App\Controllers\base\Beranda" loaded.
INFO - 2021-06-12 15:07:50 --> Session: Class initialized using 'CodeIgniter\Session\Handlers\FileHandler' driver.
INFO - 2021-06-12 15:07:50 --> Controller "App\Controllers\base\Dashboard" loaded.
INFO - 2021-06-12 15:07:50 --> Controller "App\Controllers\base\Beranda" loaded.
INFO - 2021-06-12 15:09:25 --> Session: Class initialized using 'CodeIgniter\Session\Handlers\FileHandler' driver.
INFO - 2021-06-12 15:09:25 --> Controller "App\Controllers\base\Dashboard" loaded.
INFO - 2021-06-12 15:09:26 --> Controller "App\Controllers\base\Beranda" loaded.
INFO - 2021-06-12 15:12:14 --> Session: Class initialized using 'CodeIgniter\Session\Handlers\FileHandler' driver.
INFO - 2021-06-12 15:12:14 --> Controller "App\Controllers\base\Dashboard" loaded.
INFO - 2021-06-12 15:12:14 --> Controller "App\Controllers\base\Beranda" loaded.
INFO - 2021-06-12 15:15:21 --> Session: Class initialized using 'CodeIgniter\Session\Handlers\FileHandler' driver.
INFO - 2021-06-12 15:15:21 --> Controller "App\Controllers\base\Dashboard" loaded.
INFO - 2021-06-12 15:15:22 --> Controller "App\Controllers\base\Beranda" loaded.
INFO - 2021-06-12 15:15:40 --> Session: Class initialized using 'CodeIgniter\Session\Handlers\FileHandler' driver.
INFO - 2021-06-12 15:15:40 --> Controller "App\Controllers\base\Dashboard" loaded.
INFO - 2021-06-12 15:15:40 --> Controller "App\Controllers\base\Beranda" loaded.
INFO - 2021-06-12 15:15:57 --> Session: Class initialized using 'CodeIgniter\Session\Handlers\FileHandler' driver.
INFO - 2021-06-12 15:15:57 --> Controller "App\Controllers\base\Dashboard" loaded.
INFO - 2021-06-12 15:15:57 --> Controller "App\Controllers\base\Beranda" loaded.
INFO - 2021-06-12 15:16:22 --> Session: Class initialized using 'CodeIgniter\Session\Handlers\FileHandler' driver.
INFO - 2021-06-12 15:16:22 --> Controller "App\Controllers\base\Dashboard" loaded.
INFO - 2021-06-12 15:16:23 --> Controller "App\Controllers\base\Beranda" loaded.
INFO - 2021-06-12 15:17:02 --> Session: Class initialized using 'CodeIgniter\Session\Handlers\FileHandler' driver.
INFO - 2021-06-12 15:17:02 --> Controller "App\Controllers\base\Dashboard" loaded.
INFO - 2021-06-12 15:17:02 --> Controller "App\Controllers\base\Beranda" loaded.
INFO - 2021-06-12 15:17:35 --> Session: Class initialized using 'CodeIgniter\Session\Handlers\FileHandler' driver.
INFO - 2021-06-12 15:17:35 --> Controller "App\Controllers\base\Dashboard" loaded.
INFO - 2021-06-12 15:17:35 --> Controller "App\Controllers\base\Beranda" loaded.
INFO - 2021-06-12 15:20:39 --> Session: Class initialized using 'CodeIgniter\Session\Handlers\FileHandler' driver.
INFO - 2021-06-12 15:20:39 --> Controller "App\Controllers\base\Dashboard" loaded.
INFO - 2021-06-12 15:20:39 --> Controller "App\Controllers\base\Beranda" loaded.
INFO - 2021-06-12 15:21:17 --> Session: Class initialized using 'CodeIgniter\Session\Handlers\FileHandler' driver.
INFO - 2021-06-12 15:21:17 --> Controller "App\Controllers\base\Dashboard" loaded.
INFO - 2021-06-12 15:21:17 --> Controller "App\Controllers\base\Beranda" loaded.
INFO - 2021-06-12 15:22:56 --> Session: Class initialized using 'CodeIgniter\Session\Handlers\FileHandler' driver.
INFO - 2021-06-12 15:22:56 --> Controller "App\Controllers\base\Dashboard" loaded.
INFO - 2021-06-12 15:22:56 --> Controller "App\Controllers\base\Beranda" loaded.
INFO - 2021-06-12 15:23:27 --> Session: Class initialized using 'CodeIgniter\Session\Handlers\FileHandler' driver.
INFO - 2021-06-12 15:23:27 --> Controller "App\Controllers\base\Dashboard" loaded.
INFO - 2021-06-12 15:23:28 --> Controller "App\Controllers\base\Beranda" loaded.
INFO - 2021-06-12 15:24:01 --> Session: Class initialized using 'CodeIgniter\Session\Handlers\FileHandler' driver.
INFO - 2021-06-12 15:24:01 --> Controller "App\Controllers\base\Dashboard" loaded.
INFO - 2021-06-12 15:24:02 --> Controller "App\Controllers\base\Beranda" loaded.
INFO - 2021-06-12 15:24:37 --> Session: Class initialized using 'CodeIgniter\Session\Handlers\FileHandler' driver.
INFO - 2021-06-12 15:24:37 --> Controller "App\Controllers\base\Dashboard" loaded.
INFO - 2021-06-12 15:24:37 --> Controller "App\Controllers\base\Beranda" loaded.
INFO - 2021-06-12 15:25:48 --> Session: Class initialized using 'CodeIgniter\Session\Handlers\FileHandler' driver.
INFO - 2021-06-12 15:25:49 --> Controller "App\Controllers\base\Dashboard" loaded.
INFO - 2021-06-12 15:25:49 --> Controller "App\Controllers\base\Beranda" loaded.
INFO - 2021-06-12 15:26:20 --> Session: Class initialized using 'CodeIgniter\Session\Handlers\FileHandler' driver.
INFO - 2021-06-12 15:26:20 --> Controller "App\Controllers\base\Dashboard" loaded.
INFO - 2021-06-12 15:26:21 --> Controller "App\Controllers\base\Beranda" loaded.
INFO - 2021-06-12 15:27:21 --> Session: Class initialized using 'CodeIgniter\Session\Handlers\FileHandler' driver.
INFO - 2021-06-12 15:27:21 --> Controller "App\Controllers\base\Dashboard" loaded.
INFO - 2021-06-12 15:27:22 --> Controller "App\Controllers\base\Beranda" loaded.
INFO - 2021-06-12 15:28:13 --> Session: Class initialized using 'CodeIgniter\Session\Handlers\FileHandler' driver.
INFO - 2021-06-12 15:28:13 --> Controller "App\Controllers\base\Dashboard" loaded.
INFO - 2021-06-12 15:28:13 --> Controller "App\Controllers\base\Beranda" loaded.
INFO - 2021-06-12 15:28:34 --> Session: Class initialized using 'CodeIgniter\Session\Handlers\FileHandler' driver.
INFO - 2021-06-12 15:28:34 --> Controller "App\Controllers\base\Dashboard" loaded.
INFO - 2021-06-12 15:28:35 --> Controller "App\Controllers\base\Beranda" loaded.
INFO - 2021-06-12 15:29:31 --> Session: Class initialized using 'CodeIgniter\Session\Handlers\FileHandler' driver.
INFO - 2021-06-12 15:29:31 --> Controller "App\Controllers\base\Dashboard" loaded.
INFO - 2021-06-12 15:29:31 --> Controller "App\Controllers\base\Beranda" loaded.
INFO - 2021-06-12 15:31:33 --> Session: Class initialized using 'CodeIgniter\Session\Handlers\FileHandler' driver.
INFO - 2021-06-12 15:31:33 --> Controller "App\Controllers\base\Dashboard" loaded.
INFO - 2021-06-12 15:31:33 --> Controller "App\Controllers\base\Beranda" loaded.
INFO - 2021-06-12 15:32:10 --> Session: Class initialized using 'CodeIgniter\Session\Handlers\FileHandler' driver.
INFO - 2021-06-12 15:32:10 --> Controller "App\Controllers\base\Dashboard" loaded.
INFO - 2021-06-12 15:32:11 --> Controller "App\Controllers\base\Beranda" loaded.
INFO - 2021-06-12 15:33:00 --> Session: Class initialized using 'CodeIgniter\Session\Handlers\FileHandler' driver.
INFO - 2021-06-12 15:33:00 --> Controller "App\Controllers\base\Dashboard" loaded.
INFO - 2021-06-12 15:33:00 --> Controller "App\Controllers\base\Beranda" loaded.
INFO - 2021-06-12 15:34:22 --> Session: Class initialized using 'CodeIgniter\Session\Handlers\FileHandler' driver.
INFO - 2021-06-12 15:34:22 --> Controller "App\Controllers\base\Dashboard" loaded.
INFO - 2021-06-12 15:34:22 --> Controller "App\Controllers\base\Beranda" loaded.
INFO - 2021-06-12 15:34:40 --> Session: Class initialized using 'CodeIgniter\Session\Handlers\FileHandler' driver.
INFO - 2021-06-12 15:34:40 --> Controller "App\Controllers\base\Dashboard" loaded.
INFO - 2021-06-12 15:34:40 --> Controller "App\Controllers\base\Beranda" loaded.
INFO - 2021-06-12 15:34:46 --> Session: Class initialized using 'CodeIgniter\Session\Handlers\FileHandler' driver.
INFO - 2021-06-12 15:34:46 --> Controller "App\Controllers\base\Dashboard" loaded.
INFO - 2021-06-12 15:34:47 --> Controller "App\Controllers\base\Beranda" loaded.
INFO - 2021-06-12 15:35:57 --> Session: Class initialized using 'CodeIgniter\Session\Handlers\FileHandler' driver.
INFO - 2021-06-12 15:35:57 --> Controller "App\Controllers\base\Dashboard" loaded.
INFO - 2021-06-12 15:35:57 --> Controller "App\Controllers\base\Beranda" loaded.
INFO - 2021-06-12 15:36:56 --> Session: Class initialized using 'CodeIgniter\Session\Handlers\FileHandler' driver.
INFO - 2021-06-12 15:36:56 --> Controller "App\Controllers\base\Dashboard" loaded.
INFO - 2021-06-12 15:36:56 --> Controller "App\Controllers\base\Beranda" loaded.
INFO - 2021-06-12 15:37:25 --> Session: Class initialized using 'CodeIgniter\Session\Handlers\FileHandler' driver.
INFO - 2021-06-12 15:37:25 --> Controller "App\Controllers\base\Dashboard" loaded.
INFO - 2021-06-12 15:37:25 --> Controller "App\Controllers\base\Beranda" loaded.
INFO - 2021-06-12 15:38:15 --> Session: Class initialized using 'CodeIgniter\Session\Handlers\FileHandler' driver.
INFO - 2021-06-12 15:38:15 --> Controller "App\Controllers\base\Dashboard" loaded.
INFO - 2021-06-12 15:38:16 --> Controller "App\Controllers\base\Beranda" loaded.
INFO - 2021-06-12 15:38:59 --> Session: Class initialized using 'CodeIgniter\Session\Handlers\FileHandler' driver.
INFO - 2021-06-12 15:38:59 --> Controller "App\Controllers\base\Dashboard" loaded.
INFO - 2021-06-12 15:38:59 --> Controller "App\Controllers\base\Beranda" loaded.
INFO - 2021-06-12 15:39:14 --> Session: Class initialized using 'CodeIgniter\Session\Handlers\FileHandler' driver.
INFO - 2021-06-12 15:39:14 --> Controller "App\Controllers\base\Dashboard" loaded.
INFO - 2021-06-12 15:39:14 --> Controller "App\Controllers\base\Beranda" loaded.
INFO - 2021-06-12 15:40:47 --> Session: Class initialized using 'CodeIgniter\Session\Handlers\FileHandler' driver.
INFO - 2021-06-12 15:40:47 --> Controller "App\Controllers\base\Dashboard" loaded.
INFO - 2021-06-12 15:40:47 --> Controller "App\Controllers\base\Beranda" loaded.
INFO - 2021-06-12 15:41:18 --> Session: Class initialized using 'CodeIgniter\Session\Handlers\FileHandler' driver.
INFO - 2021-06-12 15:41:18 --> Controller "App\Controllers\base\Dashboard" loaded.
INFO - 2021-06-12 15:41:18 --> Controller "App\Controllers\base\Beranda" loaded.
INFO - 2021-06-12 15:43:03 --> Session: Class initialized using 'CodeIgniter\Session\Handlers\FileHandler' driver.
INFO - 2021-06-12 15:43:03 --> Controller "App\Controllers\base\Dashboard" loaded.
INFO - 2021-06-12 15:43:03 --> Controller "App\Controllers\base\Beranda" loaded.
INFO - 2021-06-12 15:43:44 --> Session: Class initialized using 'CodeIgniter\Session\Handlers\FileHandler' driver.
INFO - 2021-06-12 15:43:44 --> Controller "App\Controllers\base\Dashboard" loaded.
INFO - 2021-06-12 15:43:45 --> Controller "App\Controllers\base\Beranda" loaded.
INFO - 2021-06-12 15:44:14 --> Session: Class initialized using 'CodeIgniter\Session\Handlers\FileHandler' driver.
INFO - 2021-06-12 15:44:14 --> Controller "App\Controllers\base\Dashboard" loaded.
INFO - 2021-06-12 15:44:14 --> Controller "App\Controllers\base\Beranda" loaded.
INFO - 2021-06-12 15:45:15 --> Session: Class initialized using 'CodeIgniter\Session\Handlers\FileHandler' driver.
INFO - 2021-06-12 15:45:15 --> Controller "App\Controllers\base\Dashboard" loaded.
INFO - 2021-06-12 15:45:56 --> Session: Class initialized using 'CodeIgniter\Session\Handlers\FileHandler' driver.
INFO - 2021-06-12 15:45:56 --> Controller "App\Controllers\base\Dashboard" loaded.
INFO - 2021-06-12 15:45:56 --> Controller "App\Controllers\base\Beranda" loaded.
INFO - 2021-06-12 15:46:27 --> Session: Class initialized using 'CodeIgniter\Session\Handlers\FileHandler' driver.
INFO - 2021-06-12 15:46:28 --> Controller "App\Controllers\base\Dashboard" loaded.
INFO - 2021-06-12 15:46:28 --> Controller "App\Controllers\base\Beranda" loaded.
INFO - 2021-06-12 15:47:40 --> Session: Class initialized using 'CodeIgniter\Session\Handlers\FileHandler' driver.
INFO - 2021-06-12 15:47:40 --> Controller "App\Controllers\base\Dashboard" loaded.
INFO - 2021-06-12 15:47:40 --> Controller "App\Controllers\base\Beranda" loaded.
INFO - 2021-06-12 15:47:49 --> Session: Class initialized using 'CodeIgniter\Session\Handlers\FileHandler' driver.
INFO - 2021-06-12 15:47:49 --> Controller "App\Controllers\base\Dashboard" loaded.
INFO - 2021-06-12 15:47:49 --> Controller "App\Controllers\base\Beranda" loaded.
INFO - 2021-06-12 15:48:26 --> Session: Class initialized using 'CodeIgniter\Session\Handlers\FileHandler' driver.
INFO - 2021-06-12 15:48:26 --> Controller "App\Controllers\base\Dashboard" loaded.
INFO - 2021-06-12 15:48:26 --> Controller "App\Controllers\base\Beranda" loaded.
INFO - 2021-06-12 15:48:44 --> Session: Class initialized using 'CodeIgniter\Session\Handlers\FileHandler' driver.
INFO - 2021-06-12 15:48:44 --> Controller "App\Controllers\base\Dashboard" loaded.
INFO - 2021-06-12 15:48:45 --> Controller "App\Controllers\base\Beranda" loaded.
INFO - 2021-06-12 15:50:00 --> Session: Class initialized using 'CodeIgniter\Session\Handlers\FileHandler' driver.
INFO - 2021-06-12 15:50:00 --> Controller "App\Controllers\base\Dashboard" loaded.
INFO - 2021-06-12 15:50:00 --> Controller "App\Controllers\base\Beranda" loaded.
INFO - 2021-06-12 15:50:14 --> Session: Class initialized using 'CodeIgniter\Session\Handlers\FileHandler' driver.
INFO - 2021-06-12 15:50:14 --> Controller "App\Controllers\base\Dashboard" loaded.
INFO - 2021-06-12 15:50:14 --> Controller "App\Controllers\base\Beranda" loaded.
INFO - 2021-06-12 15:50:26 --> Session: Class initialized using 'CodeIgniter\Session\Handlers\FileHandler' driver.
INFO - 2021-06-12 15:50:26 --> Controller "App\Controllers\base\Dashboard" loaded.
INFO - 2021-06-12 15:50:27 --> Controller "App\Controllers\base\Beranda" loaded.
INFO - 2021-06-12 15:50:31 --> Session: Class initialized using 'CodeIgniter\Session\Handlers\FileHandler' driver.
INFO - 2021-06-12 15:50:31 --> Controller "App\Controllers\base\Dashboard" loaded.
INFO - 2021-06-12 15:50:31 --> Controller "App\Controllers\base\Beranda" loaded.
INFO - 2021-06-12 15:50:37 --> Session: Class initialized using 'CodeIgniter\Session\Handlers\FileHandler' driver.
INFO - 2021-06-12 15:50:37 --> Controller "App\Controllers\base\Dashboard" loaded.
INFO - 2021-06-12 15:50:37 --> Controller "App\Controllers\base\Beranda" loaded.
INFO - 2021-06-12 15:50:44 --> Session: Class initialized using 'CodeIgniter\Session\Handlers\FileHandler' driver.
INFO - 2021-06-12 15:50:44 --> Controller "App\Controllers\base\Dashboard" loaded.
INFO - 2021-06-12 15:50:53 --> Session: Class initialized using 'CodeIgniter\Session\Handlers\FileHandler' driver.
INFO - 2021-06-12 15:50:53 --> Controller "App\Controllers\base\Dashboard" loaded.
INFO - 2021-06-12 15:50:53 --> Session: Class initialized using 'CodeIgniter\Session\Handlers\FileHandler' driver.
INFO - 2021-06-12 15:50:53 --> Controller "App\Controllers\base\Dashboard" loaded.
INFO - 2021-06-12 15:50:53 --> Controller "App\Controllers\base\Beranda" loaded.
INFO - 2021-06-12 15:51:00 --> Session: Class initialized using 'CodeIgniter\Session\Handlers\FileHandler' driver.
INFO - 2021-06-12 15:51:00 --> Controller "App\Controllers\base\Dashboard" loaded.
INFO - 2021-06-12 15:51:00 --> Session: Class initialized using 'CodeIgniter\Session\Handlers\FileHandler' driver.
INFO - 2021-06-12 15:51:00 --> Controller "App\Controllers\base\Dashboard" loaded.
INFO - 2021-06-12 15:51:01 --> Controller "App\Controllers\base\Beranda" loaded.
INFO - 2021-06-12 15:51:11 --> Session: Class initialized using 'CodeIgniter\Session\Handlers\FileHandler' driver.
INFO - 2021-06-12 15:51:11 --> Controller "App\Controllers\base\Dashboard" loaded.
INFO - 2021-06-12 15:51:12 --> Controller "App\Controllers\base\Beranda" loaded.
INFO - 2021-06-12 15:52:18 --> Session: Class initialized using 'CodeIgniter\Session\Handlers\FileHandler' driver.
INFO - 2021-06-12 15:52:18 --> Controller "App\Controllers\base\Dashboard" loaded.
INFO - 2021-06-12 15:52:18 --> Controller "App\Controllers\base\Beranda" loaded.
INFO - 2021-06-12 15:53:00 --> Session: Class initialized using 'CodeIgniter\Session\Handlers\FileHandler' driver.
INFO - 2021-06-12 15:53:01 --> Controller "App\Controllers\base\Dashboard" loaded.
INFO - 2021-06-12 15:53:01 --> Controller "App\Controllers\base\Beranda" loaded.
INFO - 2021-06-12 15:53:24 --> Session: Class initialized using 'CodeIgniter\Session\Handlers\FileHandler' driver.
INFO - 2021-06-12 15:53:24 --> Controller "App\Controllers\base\Dashboard" loaded.
INFO - 2021-06-12 15:53:25 --> Controller "App\Controllers\base\Beranda" loaded.
INFO - 2021-06-12 15:53:32 --> Session: Class initialized using 'CodeIgniter\Session\Handlers\FileHandler' driver.
INFO - 2021-06-12 15:53:33 --> Controller "App\Controllers\base\Dashboard" loaded.
INFO - 2021-06-12 15:53:33 --> Controller "App\Controllers\base\Beranda" loaded.
INFO - 2021-06-12 15:53:36 --> Session: Class initialized using 'CodeIgniter\Session\Handlers\FileHandler' driver.
INFO - 2021-06-12 15:53:36 --> Controller "App\Controllers\base\Dashboard" loaded.
INFO - 2021-06-12 15:53:37 --> Controller "App\Controllers\base\Beranda" loaded.
INFO - 2021-06-12 15:53:39 --> Session: Class initialized using 'CodeIgniter\Session\Handlers\FileHandler' driver.
INFO - 2021-06-12 15:53:39 --> Controller "App\Controllers\base\Dashboard" loaded.
INFO - 2021-06-12 15:53:40 --> Controller "App\Controllers\base\Beranda" loaded.
INFO - 2021-06-12 15:53:45 --> Session: Class initialized using 'CodeIgniter\Session\Handlers\FileHandler' driver.
INFO - 2021-06-12 15:53:45 --> Controller "App\Controllers\base\Dashboard" loaded.
INFO - 2021-06-12 15:53:46 --> Controller "App\Controllers\base\Beranda" loaded.
INFO - 2021-06-12 15:53:54 --> Session: Class initialized using 'CodeIgniter\Session\Handlers\FileHandler' driver.
INFO - 2021-06-12 15:53:54 --> Controller "App\Controllers\base\Dashboard" loaded.
INFO - 2021-06-12 15:53:54 --> Controller "App\Controllers\base\Beranda" loaded.
INFO - 2021-06-12 15:54:03 --> Session: Class initialized using 'CodeIgniter\Session\Handlers\FileHandler' driver.
INFO - 2021-06-12 15:54:03 --> Controller "App\Controllers\base\Dashboard" loaded.
INFO - 2021-06-12 15:54:03 --> Controller "App\Controllers\base\Beranda" loaded.
INFO - 2021-06-12 15:54:43 --> Session: Class initialized using 'CodeIgniter\Session\Handlers\FileHandler' driver.
INFO - 2021-06-12 15:54:43 --> Controller "App\Controllers\base\Dashboard" loaded.
INFO - 2021-06-12 15:54:43 --> Controller "App\Controllers\base\Beranda" loaded.
INFO - 2021-06-12 15:55:10 --> Session: Class initialized using 'CodeIgniter\Session\Handlers\FileHandler' driver.
INFO - 2021-06-12 15:55:10 --> Controller "App\Controllers\base\Dashboard" loaded.
INFO - 2021-06-12 15:55:11 --> Controller "App\Controllers\base\Beranda" loaded.
INFO - 2021-06-12 15:56:07 --> Session: Class initialized using 'CodeIgniter\Session\Handlers\FileHandler' driver.
INFO - 2021-06-12 15:56:07 --> Controller "App\Controllers\base\Dashboard" loaded.
INFO - 2021-06-12 15:56:07 --> Controller "App\Controllers\base\Beranda" loaded.
INFO - 2021-06-12 15:56:39 --> Session: Class initialized using 'CodeIgniter\Session\Handlers\FileHandler' driver.
INFO - 2021-06-12 15:56:39 --> Controller "App\Controllers\base\Dashboard" loaded.
INFO - 2021-06-12 15:56:39 --> Controller "App\Controllers\base\Beranda" loaded.
INFO - 2021-06-12 15:57:12 --> Session: Class initialized using 'CodeIgniter\Session\Handlers\FileHandler' driver.
INFO - 2021-06-12 15:57:12 --> Controller "App\Controllers\base\Dashboard" loaded.
INFO - 2021-06-12 15:57:12 --> Controller "App\Controllers\base\Beranda" loaded.
INFO - 2021-06-12 15:57:39 --> Session: Class initialized using 'CodeIgniter\Session\Handlers\FileHandler' driver.
INFO - 2021-06-12 15:57:39 --> Controller "App\Controllers\base\Dashboard" loaded.
INFO - 2021-06-12 15:57:39 --> Controller "App\Controllers\base\Beranda" loaded.
INFO - 2021-06-12 15:58:03 --> Session: Class initialized using 'CodeIgniter\Session\Handlers\FileHandler' driver.
INFO - 2021-06-12 15:58:03 --> Controller "App\Controllers\base\Dashboard" loaded.
INFO - 2021-06-12 15:58:03 --> Controller "App\Controllers\base\Beranda" loaded.
INFO - 2021-06-12 15:58:30 --> Session: Class initialized using 'CodeIgniter\Session\Handlers\FileHandler' driver.
INFO - 2021-06-12 15:58:30 --> Controller "App\Controllers\base\Dashboard" loaded.
INFO - 2021-06-12 15:58:30 --> Controller "App\Controllers\base\Beranda" loaded.
INFO - 2021-06-12 15:58:53 --> Session: Class initialized using 'CodeIgniter\Session\Handlers\FileHandler' driver.
INFO - 2021-06-12 15:58:53 --> Controller "App\Controllers\base\Dashboard" loaded.
INFO - 2021-06-12 15:58:53 --> Controller "App\Controllers\base\Beranda" loaded.
INFO - 2021-06-12 16:02:49 --> Session: Class initialized using 'CodeIgniter\Session\Handlers\FileHandler' driver.
INFO - 2021-06-12 16:02:49 --> Controller "App\Controllers\base\Dashboard" loaded.
INFO - 2021-06-12 16:02:49 --> Controller "App\Controllers\base\Beranda" loaded.
INFO - 2021-06-12 16:03:22 --> Session: Class initialized using 'CodeIgniter\Session\Handlers\FileHandler' driver.
INFO - 2021-06-12 16:03:22 --> Controller "App\Controllers\base\Dashboard" loaded.
INFO - 2021-06-12 16:03:22 --> Controller "App\Controllers\base\Beranda" loaded.
INFO - 2021-06-12 16:04:45 --> Session: Class initialized using 'CodeIgniter\Session\Handlers\FileHandler' driver.
INFO - 2021-06-12 16:04:45 --> Controller "App\Controllers\base\Dashboard" loaded.
INFO - 2021-06-12 16:04:45 --> Controller "App\Controllers\base\Beranda" loaded.
INFO - 2021-06-12 16:05:05 --> Session: Class initialized using 'CodeIgniter\Session\Handlers\FileHandler' driver.
INFO - 2021-06-12 16:05:05 --> Controller "App\Controllers\base\Dashboard" loaded.
INFO - 2021-06-12 16:05:05 --> Controller "App\Controllers\base\Beranda" loaded.
INFO - 2021-06-12 16:05:21 --> Session: Class initialized using 'CodeIgniter\Session\Handlers\FileHandler' driver.
INFO - 2021-06-12 16:05:21 --> Controller "App\Controllers\base\Dashboard" loaded.
INFO - 2021-06-12 16:05:21 --> Controller "App\Controllers\base\Beranda" loaded.
INFO - 2021-06-12 16:05:53 --> Session: Class initialized using 'CodeIgniter\Session\Handlers\FileHandler' driver.
INFO - 2021-06-12 16:05:53 --> Controller "App\Controllers\base\Dashboard" loaded.
INFO - 2021-06-12 16:05:53 --> Controller "App\Controllers\base\Beranda" loaded.
INFO - 2021-06-12 16:06:03 --> Session: Class initialized using 'CodeIgniter\Session\Handlers\FileHandler' driver.
INFO - 2021-06-12 16:06:03 --> Controller "App\Controllers\base\Dashboard" loaded.
INFO - 2021-06-12 16:06:04 --> Controller "App\Controllers\base\Beranda" loaded.
INFO - 2021-06-12 16:07:08 --> Session: Class initialized using 'CodeIgniter\Session\Handlers\FileHandler' driver.
INFO - 2021-06-12 16:07:08 --> Controller "App\Controllers\base\Dashboard" loaded.
INFO - 2021-06-12 16:07:08 --> Controller "App\Controllers\base\Beranda" loaded.
INFO - 2021-06-12 16:07:49 --> Session: Class initialized using 'CodeIgniter\Session\Handlers\FileHandler' driver.
INFO - 2021-06-12 16:07:49 --> Controller "App\Controllers\base\Dashboard" loaded.
INFO - 2021-06-12 16:07:50 --> Controller "App\Controllers\base\Beranda" loaded.
INFO - 2021-06-12 16:10:33 --> Session: Class initialized using 'CodeIgniter\Session\Handlers\FileHandler' driver.
INFO - 2021-06-12 16:10:33 --> Controller "App\Controllers\base\Dashboard" loaded.
INFO - 2021-06-12 16:10:33 --> Controller "App\Controllers\base\Beranda" loaded.
INFO - 2021-06-12 16:11:52 --> Session: Class initialized using 'CodeIgniter\Session\Handlers\FileHandler' driver.
INFO - 2021-06-12 16:11:52 --> Controller "App\Controllers\base\Dashboard" loaded.
INFO - 2021-06-12 16:11:52 --> Controller "App\Controllers\base\Beranda" loaded.
INFO - 2021-06-12 16:12:04 --> Session: Class initialized using 'CodeIgniter\Session\Handlers\FileHandler' driver.
INFO - 2021-06-12 16:12:04 --> Controller "App\Controllers\base\Dashboard" loaded.
INFO - 2021-06-12 16:12:04 --> Controller "App\Controllers\base\Beranda" loaded.
INFO - 2021-06-12 16:12:20 --> Session: Class initialized using 'CodeIgniter\Session\Handlers\FileHandler' driver.
INFO - 2021-06-12 16:12:20 --> Controller "App\Controllers\base\Dashboard" loaded.
INFO - 2021-06-12 16:12:20 --> Controller "App\Controllers\base\Beranda" loaded.
INFO - 2021-06-12 16:13:17 --> Session: Class initialized using 'CodeIgniter\Session\Handlers\FileHandler' driver.
INFO - 2021-06-12 16:13:17 --> Controller "App\Controllers\base\Dashboard" loaded.
INFO - 2021-06-12 16:13:17 --> Controller "App\Controllers\base\Beranda" loaded.
INFO - 2021-06-12 16:13:44 --> Session: Class initialized using 'CodeIgniter\Session\Handlers\FileHandler' driver.
INFO - 2021-06-12 16:13:44 --> Controller "App\Controllers\base\Dashboard" loaded.
INFO - 2021-06-12 16:13:44 --> Controller "App\Controllers\base\Beranda" loaded.
INFO - 2021-06-12 16:14:03 --> Session: Class initialized using 'CodeIgniter\Session\Handlers\FileHandler' driver.
INFO - 2021-06-12 16:14:03 --> Controller "App\Controllers\base\Dashboard" loaded.
INFO - 2021-06-12 16:14:03 --> Controller "App\Controllers\base\Beranda" loaded.
INFO - 2021-06-12 16:14:13 --> Session: Class initialized using 'CodeIgniter\Session\Handlers\FileHandler' driver.
INFO - 2021-06-12 16:14:13 --> Controller "App\Controllers\base\Dashboard" loaded.
INFO - 2021-06-12 16:14:13 --> Controller "App\Controllers\base\Beranda" loaded.
INFO - 2021-06-12 16:14:25 --> Session: Class initialized using 'CodeIgniter\Session\Handlers\FileHandler' driver.
INFO - 2021-06-12 16:14:25 --> Controller "App\Controllers\base\Dashboard" loaded.
INFO - 2021-06-12 16:14:25 --> Controller "App\Controllers\base\Beranda" loaded.
INFO - 2021-06-12 16:14:31 --> Session: Class initialized using 'CodeIgniter\Session\Handlers\FileHandler' driver.
INFO - 2021-06-12 16:14:31 --> Controller "App\Controllers\base\Dashboard" loaded.
INFO - 2021-06-12 16:14:31 --> Controller "App\Controllers\base\Beranda" loaded.
INFO - 2021-06-12 16:14:37 --> Session: Class initialized using 'CodeIgniter\Session\Handlers\FileHandler' driver.
INFO - 2021-06-12 16:14:37 --> Controller "App\Controllers\base\Dashboard" loaded.
INFO - 2021-06-12 16:14:38 --> Controller "App\Controllers\base\Beranda" loaded.
INFO - 2021-06-12 16:14:44 --> Session: Class initialized using 'CodeIgniter\Session\Handlers\FileHandler' driver.
INFO - 2021-06-12 16:14:44 --> Controller "App\Controllers\base\Dashboard" loaded.
INFO - 2021-06-12 16:14:44 --> Controller "App\Controllers\base\Beranda" loaded.
INFO - 2021-06-12 16:14:48 --> Session: Class initialized using 'CodeIgniter\Session\Handlers\FileHandler' driver.
INFO - 2021-06-12 16:14:49 --> Controller "App\Controllers\base\Dashboard" loaded.
INFO - 2021-06-12 16:14:49 --> Controller "App\Controllers\base\Beranda" loaded.
INFO - 2021-06-12 16:14:56 --> Session: Class initialized using 'CodeIgniter\Session\Handlers\FileHandler' driver.
INFO - 2021-06-12 16:14:56 --> Controller "App\Controllers\base\Dashboard" loaded.
INFO - 2021-06-12 16:15:01 --> Session: Class initialized using 'CodeIgniter\Session\Handlers\FileHandler' driver.
INFO - 2021-06-12 16:15:01 --> Controller "App\Controllers\base\Dashboard" loaded.
INFO - 2021-06-12 16:15:16 --> Controller "App\Controllers\base\Beranda" loaded.
INFO - 2021-06-12 16:15:46 --> Controller "App\Controllers\base\Beranda" loaded.
INFO - 2021-06-12 16:15:53 --> Session: Class initialized using 'CodeIgniter\Session\Handlers\FileHandler' driver.
INFO - 2021-06-12 16:15:53 --> Session: Class initialized using 'CodeIgniter\Session\Handlers\FileHandler' driver.
INFO - 2021-06-12 16:15:53 --> Controller "App\Controllers\base\Dashboard" loaded.
INFO - 2021-06-12 16:16:05 --> Session: Class initialized using 'CodeIgniter\Session\Handlers\FileHandler' driver.
INFO - 2021-06-12 16:16:05 --> Controller "App\Controllers\base\Dashboard" loaded.
INFO - 2021-06-12 16:16:06 --> Session: Class initialized using 'CodeIgniter\Session\Handlers\FileHandler' driver.
INFO - 2021-06-12 16:16:06 --> Controller "App\Controllers\base\Dashboard" loaded.
INFO - 2021-06-12 16:16:22 --> Session: Class initialized using 'CodeIgniter\Session\Handlers\FileHandler' driver.
INFO - 2021-06-12 16:16:22 --> Controller "App\Controllers\base\Dashboard" loaded.
INFO - 2021-06-12 16:16:22 --> Session: Class initialized using 'CodeIgniter\Session\Handlers\FileHandler' driver.
INFO - 2021-06-12 16:16:22 --> Controller "App\Controllers\base\Dashboard" loaded.
INFO - 2021-06-12 16:16:33 --> Session: Class initialized using 'CodeIgniter\Session\Handlers\FileHandler' driver.
INFO - 2021-06-12 16:16:33 --> Controller "App\Controllers\base\Dashboard" loaded.
INFO - 2021-06-12 16:16:33 --> Session: Class initialized using 'CodeIgniter\Session\Handlers\FileHandler' driver.
INFO - 2021-06-12 16:16:33 --> Controller "App\Controllers\base\Dashboard" loaded.
INFO - 2021-06-12 16:16:48 --> Session: Class initialized using 'CodeIgniter\Session\Handlers\FileHandler' driver.
INFO - 2021-06-12 16:16:48 --> Controller "App\Controllers\base\Dashboard" loaded.
INFO - 2021-06-12 16:16:48 --> Session: Class initialized using 'CodeIgniter\Session\Handlers\FileHandler' driver.
INFO - 2021-06-12 16:16:48 --> Controller "App\Controllers\base\Dashboard" loaded.
INFO - 2021-06-12 16:16:58 --> Session: Class initialized using 'CodeIgniter\Session\Handlers\FileHandler' driver.
INFO - 2021-06-12 16:16:58 --> Controller "App\Controllers\base\Dashboard" loaded.
INFO - 2021-06-12 16:16:58 --> Session: Class initialized using 'CodeIgniter\Session\Handlers\FileHandler' driver.
INFO - 2021-06-12 16:16:58 --> Controller "App\Controllers\base\Dashboard" loaded.
INFO - 2021-06-12 16:22:00 --> Controller "App\Controllers\base\Beranda" loaded.
INFO - 2021-06-12 17:30:28 --> Session: Class initialized using 'CodeIgniter\Session\Handlers\FileHandler' driver.
INFO - 2021-06-12 17:30:28 --> Controller "App\Controllers\base\Dashboard" loaded.
INFO - 2021-06-12 17:30:37 --> Session: Class initialized using 'CodeIgniter\Session\Handlers\FileHandler' driver.
INFO - 2021-06-12 17:30:37 --> Controller "App\Controllers\base\Dashboard" loaded.
INFO - 2021-06-12 17:30:37 --> Session: Class initialized using 'CodeIgniter\Session\Handlers\FileHandler' driver.
INFO - 2021-06-12 17:30:37 --> Controller "App\Controllers\base\Dashboard" loaded.
INFO - 2021-06-12 17:31:36 --> Session: Class initialized using 'CodeIgniter\Session\Handlers\FileHandler' driver.
INFO - 2021-06-12 17:31:36 --> Controller "App\Controllers\base\Dashboard" loaded.
INFO - 2021-06-12 17:33:06 --> Session: Class initialized using 'CodeIgniter\Session\Handlers\FileHandler' driver.
INFO - 2021-06-12 17:33:06 --> Controller "App\Controllers\base\Dashboard" loaded.
INFO - 2021-06-12 17:33:06 --> Session: Class initialized using 'CodeIgniter\Session\Handlers\FileHandler' driver.
INFO - 2021-06-12 17:33:06 --> Controller "App\Controllers\base\Dashboard" loaded.
INFO - 2021-06-12 17:33:08 --> Session: Class initialized using 'CodeIgniter\Session\Handlers\FileHandler' driver.
INFO - 2021-06-12 17:33:08 --> Controller "App\Controllers\base\Dashboard" loaded.
INFO - 2021-06-12 17:33:09 --> Session: Class initialized using 'CodeIgniter\Session\Handlers\FileHandler' driver.
INFO - 2021-06-12 17:33:09 --> Controller "App\Controllers\base\Dashboard" loaded.
INFO - 2021-06-12 17:33:14 --> Session: Class initialized using 'CodeIgniter\Session\Handlers\FileHandler' driver.
INFO - 2021-06-12 17:33:14 --> Controller "App\Controllers\base\Dashboard" loaded.
