INFO - 2021-06-10 01:09:18 --> Controller "CodeIgniter\CLI\CommandRunner" loaded.
INFO - 2021-06-10 01:10:00 --> Controller "App\Controllers\base\Beranda" loaded.
INFO - 2021-06-10 01:10:07 --> Session: Class initialized using 'CodeIgniter\Session\Handlers\FileHandler' driver.
INFO - 2021-06-10 01:10:07 --> Controller "App\Controllers\base\Order" loaded.
INFO - 2021-06-10 01:10:07 --> Controller "App\Controllers\base\Beranda" loaded.
INFO - 2021-06-10 01:10:10 --> Session: Class initialized using 'CodeIgniter\Session\Handlers\FileHandler' driver.
INFO - 2021-06-10 01:10:10 --> Controller "App\Controllers\base\Order" loaded.
INFO - 2021-06-10 01:10:43 --> Session: Class initialized using 'CodeIgniter\Session\Handlers\FileHandler' driver.
INFO - 2021-06-10 01:10:43 --> Controller "App\Controllers\base\Order" loaded.
INFO - 2021-06-10 01:10:52 --> Session: Class initialized using 'CodeIgniter\Session\Handlers\FileHandler' driver.
INFO - 2021-06-10 01:10:52 --> Controller "App\Controllers\base\Order" loaded.
INFO - 2021-06-10 01:11:23 --> Session: Class initialized using 'CodeIgniter\Session\Handlers\FileHandler' driver.
INFO - 2021-06-10 01:11:23 --> Controller "App\Controllers\base\Order" loaded.
INFO - 2021-06-10 01:11:40 --> Session: Class initialized using 'CodeIgniter\Session\Handlers\FileHandler' driver.
INFO - 2021-06-10 01:11:40 --> Controller "App\Controllers\base\Order" loaded.
INFO - 2021-06-10 01:11:41 --> Session: Class initialized using 'CodeIgniter\Session\Handlers\FileHandler' driver.
INFO - 2021-06-10 01:11:41 --> Controller "App\Controllers\base\Order" loaded.
INFO - 2021-06-10 01:12:13 --> Session: Class initialized using 'CodeIgniter\Session\Handlers\FileHandler' driver.
INFO - 2021-06-10 01:12:13 --> Controller "App\Controllers\base\Order" loaded.
INFO - 2021-06-10 01:12:37 --> Session: Class initialized using 'CodeIgniter\Session\Handlers\FileHandler' driver.
INFO - 2021-06-10 01:12:37 --> Controller "App\Controllers\base\Order" loaded.
INFO - 2021-06-10 01:12:37 --> Controller "App\Controllers\base\Beranda" loaded.
INFO - 2021-06-10 01:12:44 --> Session: Class initialized using 'CodeIgniter\Session\Handlers\FileHandler' driver.
INFO - 2021-06-10 01:12:44 --> Controller "App\Controllers\base\Order" loaded.
INFO - 2021-06-10 01:12:50 --> Session: Class initialized using 'CodeIgniter\Session\Handlers\FileHandler' driver.
INFO - 2021-06-10 01:12:50 --> Controller "App\Controllers\base\Order" loaded.
INFO - 2021-06-10 01:12:51 --> Session: Class initialized using 'CodeIgniter\Session\Handlers\FileHandler' driver.
INFO - 2021-06-10 01:12:51 --> Controller "App\Controllers\base\Order" loaded.
INFO - 2021-06-10 01:12:54 --> Session: Class initialized using 'CodeIgniter\Session\Handlers\FileHandler' driver.
INFO - 2021-06-10 01:12:54 --> Controller "App\Controllers\base\Order" loaded.
INFO - 2021-06-10 01:12:54 --> Session: Class initialized using 'CodeIgniter\Session\Handlers\FileHandler' driver.
INFO - 2021-06-10 01:12:55 --> Controller "App\Controllers\base\Order" loaded.
INFO - 2021-06-10 01:13:38 --> Session: Class initialized using 'CodeIgniter\Session\Handlers\FileHandler' driver.
INFO - 2021-06-10 01:13:38 --> Controller "App\Controllers\base\Dashboard" loaded.
INFO - 2021-06-10 01:13:54 --> Session: Class initialized using 'CodeIgniter\Session\Handlers\FileHandler' driver.
INFO - 2021-06-10 01:13:54 --> Controller "App\Controllers\base\Dashboard" loaded.
INFO - 2021-06-10 01:13:56 --> Session: Class initialized using 'CodeIgniter\Session\Handlers\FileHandler' driver.
INFO - 2021-06-10 01:13:56 --> Controller "App\Controllers\base\Dashboard" loaded.
INFO - 2021-06-10 01:14:27 --> Controller "App\Controllers\base\Beranda" loaded.
INFO - 2021-06-10 01:14:34 --> Session: Class initialized using 'CodeIgniter\Session\Handlers\FileHandler' driver.
INFO - 2021-06-10 01:14:34 --> Controller "App\Controllers\base\Dashboard" loaded.
INFO - 2021-06-10 01:14:44 --> Session: Class initialized using 'CodeIgniter\Session\Handlers\FileHandler' driver.
INFO - 2021-06-10 01:14:44 --> Controller "App\Controllers\base\Dashboard" loaded.
INFO - 2021-06-10 01:14:44 --> Session: Class initialized using 'CodeIgniter\Session\Handlers\FileHandler' driver.
INFO - 2021-06-10 01:14:44 --> Controller "App\Controllers\base\Dashboard" loaded.
INFO - 2021-06-10 01:16:02 --> Session: Class initialized using 'CodeIgniter\Session\Handlers\FileHandler' driver.
INFO - 2021-06-10 01:16:02 --> Controller "App\Controllers\base\Dashboard" loaded.
INFO - 2021-06-10 01:16:03 --> Session: Class initialized using 'CodeIgniter\Session\Handlers\FileHandler' driver.
INFO - 2021-06-10 01:16:03 --> Controller "App\Controllers\base\Dashboard" loaded.
INFO - 2021-06-10 01:16:28 --> Session: Class initialized using 'CodeIgniter\Session\Handlers\FileHandler' driver.
INFO - 2021-06-10 01:16:28 --> Controller "App\Controllers\base\Dashboard" loaded.
INFO - 2021-06-10 01:16:28 --> Session: Class initialized using 'CodeIgniter\Session\Handlers\FileHandler' driver.
INFO - 2021-06-10 01:16:29 --> Controller "App\Controllers\base\Dashboard" loaded.
INFO - 2021-06-10 01:16:35 --> Session: Class initialized using 'CodeIgniter\Session\Handlers\FileHandler' driver.
INFO - 2021-06-10 01:16:35 --> Controller "App\Controllers\base\Dashboard" loaded.
INFO - 2021-06-10 01:16:35 --> Session: Class initialized using 'CodeIgniter\Session\Handlers\FileHandler' driver.
INFO - 2021-06-10 01:16:35 --> Controller "App\Controllers\base\Dashboard" loaded.
INFO - 2021-06-10 01:17:05 --> Session: Class initialized using 'CodeIgniter\Session\Handlers\FileHandler' driver.
INFO - 2021-06-10 01:17:05 --> Controller "App\Controllers\base\Dashboard" loaded.
INFO - 2021-06-10 01:17:05 --> Session: Class initialized using 'CodeIgniter\Session\Handlers\FileHandler' driver.
INFO - 2021-06-10 01:17:05 --> Controller "App\Controllers\base\Dashboard" loaded.
INFO - 2021-06-10 01:18:52 --> Session: Class initialized using 'CodeIgniter\Session\Handlers\FileHandler' driver.
INFO - 2021-06-10 01:18:52 --> Controller "App\Controllers\base\Dashboard" loaded.
INFO - 2021-06-10 01:19:23 --> Session: Class initialized using 'CodeIgniter\Session\Handlers\FileHandler' driver.
INFO - 2021-06-10 01:19:23 --> Controller "App\Controllers\base\Dashboard" loaded.
INFO - 2021-06-10 01:19:23 --> Session: Class initialized using 'CodeIgniter\Session\Handlers\FileHandler' driver.
INFO - 2021-06-10 01:19:23 --> Controller "App\Controllers\base\Dashboard" loaded.
INFO - 2021-06-10 01:19:40 --> Session: Class initialized using 'CodeIgniter\Session\Handlers\FileHandler' driver.
INFO - 2021-06-10 01:19:40 --> Controller "App\Controllers\base\Dashboard" loaded.
INFO - 2021-06-10 01:19:40 --> Session: Class initialized using 'CodeIgniter\Session\Handlers\FileHandler' driver.
INFO - 2021-06-10 01:19:40 --> Controller "App\Controllers\base\Dashboard" loaded.
INFO - 2021-06-10 01:20:48 --> Session: Class initialized using 'CodeIgniter\Session\Handlers\FileHandler' driver.
INFO - 2021-06-10 01:20:48 --> Controller "App\Controllers\base\Dashboard" loaded.
INFO - 2021-06-10 01:20:48 --> Session: Class initialized using 'CodeIgniter\Session\Handlers\FileHandler' driver.
INFO - 2021-06-10 01:20:48 --> Controller "App\Controllers\base\Dashboard" loaded.
INFO - 2021-06-10 01:21:09 --> Session: Class initialized using 'CodeIgniter\Session\Handlers\FileHandler' driver.
INFO - 2021-06-10 01:21:09 --> Controller "App\Controllers\base\Dashboard" loaded.
INFO - 2021-06-10 01:21:19 --> Session: Class initialized using 'CodeIgniter\Session\Handlers\FileHandler' driver.
INFO - 2021-06-10 01:21:19 --> Controller "App\Controllers\base\Dashboard" loaded.
INFO - 2021-06-10 01:21:19 --> Session: Class initialized using 'CodeIgniter\Session\Handlers\FileHandler' driver.
INFO - 2021-06-10 01:21:19 --> Controller "App\Controllers\base\Dashboard" loaded.
INFO - 2021-06-10 01:21:32 --> Controller "App\Controllers\base\Beranda" loaded.
INFO - 2021-06-10 01:21:59 --> Controller "App\Controllers\base\Beranda" loaded.
INFO - 2021-06-10 02:21:50 --> Controller "App\Controllers\base\Beranda" loaded.
INFO - 2021-06-10 02:22:31 --> Controller "App\Controllers\base\Beranda" loaded.
INFO - 2021-06-10 02:22:38 --> Controller "App\Controllers\base\Beranda" loaded.
INFO - 2021-06-10 02:22:38 --> Controller "App\Controllers\base\Beranda" loaded.
INFO - 2021-06-10 02:22:38 --> Controller "App\Controllers\base\Beranda" loaded.
INFO - 2021-06-10 02:23:19 --> Controller "App\Controllers\base\Beranda" loaded.
INFO - 2021-06-10 02:23:26 --> Controller "App\Controllers\base\Beranda" loaded.
INFO - 2021-06-10 02:23:26 --> Controller "App\Controllers\base\Beranda" loaded.
INFO - 2021-06-10 02:23:26 --> Controller "App\Controllers\base\Beranda" loaded.
INFO - 2021-06-10 02:27:05 --> Controller "App\Controllers\base\Beranda" loaded.
INFO - 2021-06-10 02:27:06 --> Controller "App\Controllers\base\Beranda" loaded.
INFO - 2021-06-10 02:27:06 --> Controller "App\Controllers\base\Beranda" loaded.
INFO - 2021-06-10 02:27:06 --> Controller "App\Controllers\base\Beranda" loaded.
INFO - 2021-06-10 07:32:55 --> Controller "App\Controllers\base\Beranda" loaded.
INFO - 2021-06-10 07:47:01 --> Controller "App\Controllers\base\Beranda" loaded.
INFO - 2021-06-10 07:50:42 --> Controller "App\Controllers\base\Beranda" loaded.
INFO - 2021-06-10 07:51:43 --> Controller "App\Controllers\base\Beranda" loaded.
INFO - 2021-06-10 07:51:52 --> Controller "App\Controllers\base\Beranda" loaded.
INFO - 2021-06-10 07:52:11 --> Controller "App\Controllers\base\Beranda" loaded.
INFO - 2021-06-10 07:52:17 --> Controller "App\Controllers\base\Beranda" loaded.
INFO - 2021-06-10 07:52:17 --> Controller "App\Controllers\base\Beranda" loaded.
INFO - 2021-06-10 07:52:17 --> Controller "App\Controllers\base\Beranda" loaded.
INFO - 2021-06-10 07:54:15 --> Controller "App\Controllers\base\Beranda" loaded.
INFO - 2021-06-10 07:54:15 --> Controller "App\Controllers\base\Beranda" loaded.
INFO - 2021-06-10 07:54:15 --> Controller "App\Controllers\base\Beranda" loaded.
INFO - 2021-06-10 07:54:15 --> Controller "App\Controllers\base\Beranda" loaded.
INFO - 2021-06-10 07:54:21 --> Controller "App\Controllers\base\Beranda" loaded.
INFO - 2021-06-10 07:54:21 --> Controller "App\Controllers\base\Beranda" loaded.
INFO - 2021-06-10 07:54:21 --> Controller "App\Controllers\base\Beranda" loaded.
INFO - 2021-06-10 07:54:21 --> Controller "App\Controllers\base\Beranda" loaded.
INFO - 2021-06-10 07:56:34 --> Controller "App\Controllers\base\Beranda" loaded.
INFO - 2021-06-10 07:56:34 --> Controller "App\Controllers\base\Beranda" loaded.
INFO - 2021-06-10 07:56:34 --> Controller "App\Controllers\base\Beranda" loaded.
INFO - 2021-06-10 07:56:34 --> Controller "App\Controllers\base\Beranda" loaded.
INFO - 2021-06-10 07:58:36 --> Controller "App\Controllers\base\Beranda" loaded.
INFO - 2021-06-10 07:58:36 --> Controller "App\Controllers\base\Beranda" loaded.
INFO - 2021-06-10 07:58:36 --> Controller "App\Controllers\base\Beranda" loaded.
INFO - 2021-06-10 07:58:36 --> Controller "App\Controllers\base\Beranda" loaded.
INFO - 2021-06-10 08:00:45 --> Controller "App\Controllers\base\Beranda" loaded.
INFO - 2021-06-10 08:00:45 --> Controller "App\Controllers\base\Beranda" loaded.
INFO - 2021-06-10 08:00:45 --> Controller "App\Controllers\base\Beranda" loaded.
INFO - 2021-06-10 08:00:45 --> Controller "App\Controllers\base\Beranda" loaded.
INFO - 2021-06-10 08:03:49 --> Controller "App\Controllers\base\Beranda" loaded.
INFO - 2021-06-10 08:03:50 --> Controller "App\Controllers\base\Beranda" loaded.
INFO - 2021-06-10 08:03:50 --> Controller "App\Controllers\base\Beranda" loaded.
INFO - 2021-06-10 08:03:50 --> Controller "App\Controllers\base\Beranda" loaded.
INFO - 2021-06-10 08:04:18 --> Controller "App\Controllers\base\Beranda" loaded.
INFO - 2021-06-10 08:04:18 --> Controller "App\Controllers\base\Beranda" loaded.
INFO - 2021-06-10 08:04:18 --> Controller "App\Controllers\base\Beranda" loaded.
INFO - 2021-06-10 08:04:18 --> Controller "App\Controllers\base\Beranda" loaded.
INFO - 2021-06-10 08:04:44 --> Controller "App\Controllers\base\Beranda" loaded.
INFO - 2021-06-10 08:04:45 --> Controller "App\Controllers\base\Beranda" loaded.
INFO - 2021-06-10 08:04:45 --> Controller "App\Controllers\base\Beranda" loaded.
INFO - 2021-06-10 08:04:45 --> Controller "App\Controllers\base\Beranda" loaded.
INFO - 2021-06-10 08:06:26 --> Controller "App\Controllers\base\Beranda" loaded.
INFO - 2021-06-10 08:06:27 --> Controller "App\Controllers\base\Beranda" loaded.
INFO - 2021-06-10 08:06:27 --> Controller "App\Controllers\base\Beranda" loaded.
INFO - 2021-06-10 08:06:27 --> Controller "App\Controllers\base\Beranda" loaded.
INFO - 2021-06-10 08:06:50 --> Controller "App\Controllers\base\Beranda" loaded.
INFO - 2021-06-10 08:06:50 --> Controller "App\Controllers\base\Beranda" loaded.
INFO - 2021-06-10 08:06:50 --> Controller "App\Controllers\base\Beranda" loaded.
INFO - 2021-06-10 08:06:51 --> Controller "App\Controllers\base\Beranda" loaded.
INFO - 2021-06-10 08:08:30 --> Controller "App\Controllers\base\Beranda" loaded.
INFO - 2021-06-10 08:08:30 --> Controller "App\Controllers\base\Beranda" loaded.
INFO - 2021-06-10 08:08:30 --> Controller "App\Controllers\base\Beranda" loaded.
INFO - 2021-06-10 08:08:30 --> Controller "App\Controllers\base\Beranda" loaded.
INFO - 2021-06-10 08:09:40 --> Controller "App\Controllers\base\Beranda" loaded.
INFO - 2021-06-10 08:09:40 --> Controller "App\Controllers\base\Beranda" loaded.
INFO - 2021-06-10 08:09:40 --> Controller "App\Controllers\base\Beranda" loaded.
INFO - 2021-06-10 08:09:40 --> Controller "App\Controllers\base\Beranda" loaded.
INFO - 2021-06-10 14:24:16 --> Controller "App\Controllers\base\Beranda" loaded.
INFO - 2021-06-10 14:24:16 --> Controller "App\Controllers\base\Beranda" loaded.
INFO - 2021-06-10 14:24:16 --> Controller "App\Controllers\base\Beranda" loaded.
INFO - 2021-06-10 14:24:16 --> Controller "App\Controllers\base\Beranda" loaded.
INFO - 2021-06-10 14:52:43 --> Controller "App\Controllers\base\Beranda" loaded.
INFO - 2021-06-10 14:52:43 --> Controller "App\Controllers\base\Beranda" loaded.
INFO - 2021-06-10 14:52:43 --> Controller "App\Controllers\base\Beranda" loaded.
INFO - 2021-06-10 14:52:43 --> Controller "App\Controllers\base\Beranda" loaded.
INFO - 2021-06-10 14:56:56 --> Controller "App\Controllers\base\Beranda" loaded.
INFO - 2021-06-10 14:56:57 --> Controller "App\Controllers\base\Beranda" loaded.
INFO - 2021-06-10 14:56:57 --> Controller "App\Controllers\base\Beranda" loaded.
INFO - 2021-06-10 14:56:57 --> Controller "App\Controllers\base\Beranda" loaded.
INFO - 2021-06-10 14:57:48 --> Controller "App\Controllers\base\Beranda" loaded.
INFO - 2021-06-10 14:57:48 --> Controller "App\Controllers\base\Beranda" loaded.
INFO - 2021-06-10 14:57:48 --> Controller "App\Controllers\base\Beranda" loaded.
INFO - 2021-06-10 14:57:48 --> Controller "App\Controllers\base\Beranda" loaded.
INFO - 2021-06-10 14:59:00 --> Controller "App\Controllers\base\Beranda" loaded.
INFO - 2021-06-10 14:59:00 --> Controller "App\Controllers\base\Beranda" loaded.
INFO - 2021-06-10 14:59:00 --> Controller "App\Controllers\base\Beranda" loaded.
INFO - 2021-06-10 14:59:00 --> Controller "App\Controllers\base\Beranda" loaded.
INFO - 2021-06-10 15:00:54 --> Controller "App\Controllers\base\Beranda" loaded.
INFO - 2021-06-10 15:00:54 --> Controller "App\Controllers\base\Beranda" loaded.
INFO - 2021-06-10 15:00:54 --> Controller "App\Controllers\base\Beranda" loaded.
INFO - 2021-06-10 15:00:54 --> Controller "App\Controllers\base\Beranda" loaded.
INFO - 2021-06-10 15:01:30 --> Controller "CodeIgniter\CLI\CommandRunner" loaded.
INFO - 2021-06-10 15:01:33 --> Controller "App\Controllers\base\Beranda" loaded.
INFO - 2021-06-10 15:01:33 --> Controller "App\Controllers\base\Beranda" loaded.
INFO - 2021-06-10 15:01:33 --> Controller "App\Controllers\base\Beranda" loaded.
INFO - 2021-06-10 15:01:33 --> Controller "App\Controllers\base\Beranda" loaded.
INFO - 2021-06-10 15:01:59 --> Controller "App\Controllers\base\Beranda" loaded.
INFO - 2021-06-10 15:01:59 --> Controller "App\Controllers\base\Beranda" loaded.
INFO - 2021-06-10 15:01:59 --> Controller "App\Controllers\base\Beranda" loaded.
INFO - 2021-06-10 15:01:59 --> Controller "App\Controllers\base\Beranda" loaded.
INFO - 2021-06-10 15:02:21 --> Controller "App\Controllers\base\Beranda" loaded.
INFO - 2021-06-10 15:02:21 --> Controller "App\Controllers\base\Beranda" loaded.
INFO - 2021-06-10 15:02:21 --> Controller "App\Controllers\base\Beranda" loaded.
INFO - 2021-06-10 15:02:21 --> Controller "App\Controllers\base\Beranda" loaded.
INFO - 2021-06-10 15:02:37 --> Controller "App\Controllers\base\Beranda" loaded.
INFO - 2021-06-10 15:02:38 --> Controller "App\Controllers\base\Beranda" loaded.
INFO - 2021-06-10 15:02:38 --> Controller "App\Controllers\base\Beranda" loaded.
INFO - 2021-06-10 15:02:38 --> Controller "App\Controllers\base\Beranda" loaded.
INFO - 2021-06-10 15:02:54 --> Controller "App\Controllers\base\Beranda" loaded.
INFO - 2021-06-10 15:02:54 --> Controller "App\Controllers\base\Beranda" loaded.
INFO - 2021-06-10 15:02:55 --> Controller "App\Controllers\base\Beranda" loaded.
INFO - 2021-06-10 15:02:55 --> Controller "App\Controllers\base\Beranda" loaded.
INFO - 2021-06-10 15:03:30 --> Controller "App\Controllers\base\Beranda" loaded.
INFO - 2021-06-10 15:03:31 --> Controller "App\Controllers\base\Beranda" loaded.
INFO - 2021-06-10 15:03:31 --> Controller "App\Controllers\base\Beranda" loaded.
INFO - 2021-06-10 15:03:31 --> Controller "App\Controllers\base\Beranda" loaded.
INFO - 2021-06-10 15:03:55 --> Controller "App\Controllers\base\Beranda" loaded.
INFO - 2021-06-10 15:03:55 --> Controller "App\Controllers\base\Beranda" loaded.
INFO - 2021-06-10 15:03:55 --> Controller "App\Controllers\base\Beranda" loaded.
INFO - 2021-06-10 15:04:17 --> Controller "App\Controllers\base\Beranda" loaded.
INFO - 2021-06-10 15:04:18 --> Controller "App\Controllers\base\Beranda" loaded.
INFO - 2021-06-10 15:04:18 --> Controller "App\Controllers\base\Beranda" loaded.
INFO - 2021-06-10 15:04:18 --> Controller "App\Controllers\base\Beranda" loaded.
INFO - 2021-06-10 15:04:49 --> Controller "App\Controllers\base\Beranda" loaded.
INFO - 2021-06-10 15:04:49 --> Controller "App\Controllers\base\Beranda" loaded.
INFO - 2021-06-10 15:04:49 --> Controller "App\Controllers\base\Beranda" loaded.
INFO - 2021-06-10 15:04:49 --> Controller "App\Controllers\base\Beranda" loaded.
INFO - 2021-06-10 15:05:07 --> Controller "App\Controllers\base\Beranda" loaded.
INFO - 2021-06-10 15:05:08 --> Controller "App\Controllers\base\Beranda" loaded.
INFO - 2021-06-10 15:05:08 --> Controller "App\Controllers\base\Beranda" loaded.
INFO - 2021-06-10 15:05:08 --> Controller "App\Controllers\base\Beranda" loaded.
INFO - 2021-06-10 15:06:09 --> Controller "App\Controllers\base\Beranda" loaded.
INFO - 2021-06-10 15:06:09 --> Controller "App\Controllers\base\Beranda" loaded.
INFO - 2021-06-10 15:06:09 --> Controller "App\Controllers\base\Beranda" loaded.
INFO - 2021-06-10 15:06:09 --> Controller "App\Controllers\base\Beranda" loaded.
INFO - 2021-06-10 15:06:26 --> Controller "App\Controllers\base\Beranda" loaded.
INFO - 2021-06-10 15:06:26 --> Controller "App\Controllers\base\Beranda" loaded.
INFO - 2021-06-10 15:06:26 --> Controller "App\Controllers\base\Beranda" loaded.
INFO - 2021-06-10 15:06:26 --> Controller "App\Controllers\base\Beranda" loaded.
INFO - 2021-06-10 15:07:26 --> Controller "App\Controllers\base\Beranda" loaded.
INFO - 2021-06-10 15:07:26 --> Controller "App\Controllers\base\Beranda" loaded.
INFO - 2021-06-10 15:07:26 --> Controller "App\Controllers\base\Beranda" loaded.
INFO - 2021-06-10 15:07:26 --> Controller "App\Controllers\base\Beranda" loaded.
INFO - 2021-06-10 15:08:04 --> Controller "App\Controllers\base\Beranda" loaded.
INFO - 2021-06-10 15:08:04 --> Controller "App\Controllers\base\Beranda" loaded.
INFO - 2021-06-10 15:08:04 --> Controller "App\Controllers\base\Beranda" loaded.
INFO - 2021-06-10 15:08:04 --> Controller "App\Controllers\base\Beranda" loaded.
INFO - 2021-06-10 15:08:32 --> Controller "App\Controllers\base\Beranda" loaded.
INFO - 2021-06-10 15:08:33 --> Controller "App\Controllers\base\Beranda" loaded.
INFO - 2021-06-10 15:08:33 --> Controller "App\Controllers\base\Beranda" loaded.
INFO - 2021-06-10 15:08:33 --> Controller "App\Controllers\base\Beranda" loaded.
INFO - 2021-06-10 15:09:42 --> Controller "App\Controllers\base\Beranda" loaded.
INFO - 2021-06-10 15:09:42 --> Controller "App\Controllers\base\Beranda" loaded.
INFO - 2021-06-10 15:09:42 --> Controller "App\Controllers\base\Beranda" loaded.
INFO - 2021-06-10 15:09:42 --> Controller "App\Controllers\base\Beranda" loaded.
INFO - 2021-06-10 15:10:59 --> Controller "App\Controllers\base\Beranda" loaded.
INFO - 2021-06-10 15:10:59 --> Controller "App\Controllers\base\Beranda" loaded.
INFO - 2021-06-10 15:10:59 --> Controller "App\Controllers\base\Beranda" loaded.
INFO - 2021-06-10 15:14:01 --> Controller "App\Controllers\base\Beranda" loaded.
INFO - 2021-06-10 15:14:01 --> Controller "App\Controllers\base\Beranda" loaded.
INFO - 2021-06-10 15:14:01 --> Controller "App\Controllers\base\Beranda" loaded.
INFO - 2021-06-10 15:14:01 --> Controller "App\Controllers\base\Beranda" loaded.
INFO - 2021-06-10 15:14:10 --> Controller "App\Controllers\base\Beranda" loaded.
INFO - 2021-06-10 15:14:11 --> Controller "App\Controllers\base\Beranda" loaded.
INFO - 2021-06-10 15:14:11 --> Controller "App\Controllers\base\Beranda" loaded.
INFO - 2021-06-10 15:14:11 --> Controller "App\Controllers\base\Beranda" loaded.
INFO - 2021-06-10 15:14:26 --> Controller "App\Controllers\base\Beranda" loaded.
INFO - 2021-06-10 15:14:26 --> Controller "App\Controllers\base\Beranda" loaded.
INFO - 2021-06-10 15:14:26 --> Controller "App\Controllers\base\Beranda" loaded.
INFO - 2021-06-10 15:14:26 --> Controller "App\Controllers\base\Beranda" loaded.
INFO - 2021-06-10 15:15:30 --> Controller "App\Controllers\base\Beranda" loaded.
INFO - 2021-06-10 15:15:30 --> Controller "App\Controllers\base\Beranda" loaded.
INFO - 2021-06-10 15:15:30 --> Controller "App\Controllers\base\Beranda" loaded.
INFO - 2021-06-10 15:15:30 --> Controller "App\Controllers\base\Beranda" loaded.
INFO - 2021-06-10 15:15:33 --> Controller "App\Controllers\base\Beranda" loaded.
INFO - 2021-06-10 15:15:33 --> Controller "App\Controllers\base\Beranda" loaded.
INFO - 2021-06-10 15:15:33 --> Controller "App\Controllers\base\Beranda" loaded.
INFO - 2021-06-10 15:15:33 --> Controller "App\Controllers\base\Beranda" loaded.
INFO - 2021-06-10 15:17:37 --> Controller "App\Controllers\base\Beranda" loaded.
INFO - 2021-06-10 15:17:38 --> Controller "App\Controllers\base\Beranda" loaded.
INFO - 2021-06-10 15:17:38 --> Controller "App\Controllers\base\Beranda" loaded.
INFO - 2021-06-10 15:17:38 --> Controller "App\Controllers\base\Beranda" loaded.
INFO - 2021-06-10 15:18:26 --> Controller "App\Controllers\base\Beranda" loaded.
INFO - 2021-06-10 15:18:26 --> Controller "App\Controllers\base\Beranda" loaded.
INFO - 2021-06-10 15:18:27 --> Controller "App\Controllers\base\Beranda" loaded.
INFO - 2021-06-10 15:18:27 --> Controller "App\Controllers\base\Beranda" loaded.
INFO - 2021-06-10 15:18:38 --> Controller "App\Controllers\base\Beranda" loaded.
INFO - 2021-06-10 15:18:38 --> Controller "App\Controllers\base\Beranda" loaded.
INFO - 2021-06-10 15:18:38 --> Controller "App\Controllers\base\Beranda" loaded.
INFO - 2021-06-10 15:18:38 --> Controller "App\Controllers\base\Beranda" loaded.
INFO - 2021-06-10 15:20:14 --> Controller "App\Controllers\base\Beranda" loaded.
INFO - 2021-06-10 15:20:14 --> Controller "App\Controllers\base\Beranda" loaded.
INFO - 2021-06-10 15:20:15 --> Controller "App\Controllers\base\Beranda" loaded.
INFO - 2021-06-10 15:20:15 --> Controller "App\Controllers\base\Beranda" loaded.
INFO - 2021-06-10 15:20:34 --> Controller "App\Controllers\base\Beranda" loaded.
INFO - 2021-06-10 15:20:34 --> Controller "App\Controllers\base\Beranda" loaded.
INFO - 2021-06-10 15:20:35 --> Controller "App\Controllers\base\Beranda" loaded.
INFO - 2021-06-10 15:20:35 --> Controller "App\Controllers\base\Beranda" loaded.
INFO - 2021-06-10 15:21:47 --> Controller "App\Controllers\base\Beranda" loaded.
INFO - 2021-06-10 15:21:47 --> Controller "App\Controllers\base\Beranda" loaded.
INFO - 2021-06-10 15:21:47 --> Controller "App\Controllers\base\Beranda" loaded.
INFO - 2021-06-10 15:21:47 --> Controller "App\Controllers\base\Beranda" loaded.
INFO - 2021-06-10 15:22:09 --> Controller "App\Controllers\base\Beranda" loaded.
INFO - 2021-06-10 15:22:09 --> Controller "App\Controllers\base\Beranda" loaded.
INFO - 2021-06-10 15:22:09 --> Controller "App\Controllers\base\Beranda" loaded.
INFO - 2021-06-10 15:22:09 --> Controller "App\Controllers\base\Beranda" loaded.
INFO - 2021-06-10 15:30:47 --> Controller "App\Controllers\base\Beranda" loaded.
INFO - 2021-06-10 15:30:48 --> Controller "App\Controllers\base\Beranda" loaded.
INFO - 2021-06-10 15:30:48 --> Controller "App\Controllers\base\Beranda" loaded.
INFO - 2021-06-10 15:30:48 --> Controller "App\Controllers\base\Beranda" loaded.
INFO - 2021-06-10 15:31:23 --> Controller "App\Controllers\base\Beranda" loaded.
INFO - 2021-06-10 15:31:23 --> Controller "App\Controllers\base\Beranda" loaded.
INFO - 2021-06-10 15:31:23 --> Controller "App\Controllers\base\Beranda" loaded.
INFO - 2021-06-10 15:31:23 --> Controller "App\Controllers\base\Beranda" loaded.
INFO - 2021-06-10 15:33:15 --> Controller "App\Controllers\base\Beranda" loaded.
INFO - 2021-06-10 15:33:16 --> Controller "App\Controllers\base\Beranda" loaded.
INFO - 2021-06-10 15:33:16 --> Controller "App\Controllers\base\Beranda" loaded.
INFO - 2021-06-10 15:33:16 --> Controller "App\Controllers\base\Beranda" loaded.
INFO - 2021-06-10 15:34:12 --> Controller "App\Controllers\base\Beranda" loaded.
INFO - 2021-06-10 15:34:12 --> Controller "App\Controllers\base\Beranda" loaded.
INFO - 2021-06-10 15:34:13 --> Controller "App\Controllers\base\Beranda" loaded.
INFO - 2021-06-10 15:34:13 --> Controller "App\Controllers\base\Beranda" loaded.
INFO - 2021-06-10 15:34:15 --> Controller "App\Controllers\base\Beranda" loaded.
INFO - 2021-06-10 15:34:15 --> Controller "App\Controllers\base\Beranda" loaded.
INFO - 2021-06-10 15:34:15 --> Controller "App\Controllers\base\Beranda" loaded.
INFO - 2021-06-10 15:34:15 --> Controller "App\Controllers\base\Beranda" loaded.
INFO - 2021-06-10 15:37:00 --> Controller "App\Controllers\base\Beranda" loaded.
INFO - 2021-06-10 15:37:01 --> Controller "App\Controllers\base\Beranda" loaded.
INFO - 2021-06-10 15:37:01 --> Controller "App\Controllers\base\Beranda" loaded.
INFO - 2021-06-10 15:37:01 --> Controller "App\Controllers\base\Beranda" loaded.
INFO - 2021-06-10 15:38:42 --> Controller "App\Controllers\base\Beranda" loaded.
INFO - 2021-06-10 15:38:42 --> Controller "App\Controllers\base\Beranda" loaded.
INFO - 2021-06-10 15:38:42 --> Controller "App\Controllers\base\Beranda" loaded.
INFO - 2021-06-10 15:38:43 --> Controller "App\Controllers\base\Beranda" loaded.
INFO - 2021-06-10 15:39:17 --> Controller "App\Controllers\base\Beranda" loaded.
INFO - 2021-06-10 15:39:18 --> Controller "App\Controllers\base\Beranda" loaded.
INFO - 2021-06-10 15:39:18 --> Controller "App\Controllers\base\Beranda" loaded.
INFO - 2021-06-10 15:39:18 --> Controller "App\Controllers\base\Beranda" loaded.
INFO - 2021-06-10 15:39:19 --> Controller "App\Controllers\base\Beranda" loaded.
INFO - 2021-06-10 15:39:20 --> Controller "App\Controllers\base\Beranda" loaded.
INFO - 2021-06-10 15:39:20 --> Controller "App\Controllers\base\Beranda" loaded.
INFO - 2021-06-10 15:39:20 --> Controller "App\Controllers\base\Beranda" loaded.
INFO - 2021-06-10 15:39:52 --> Controller "App\Controllers\base\Beranda" loaded.
INFO - 2021-06-10 15:39:53 --> Controller "App\Controllers\base\Beranda" loaded.
INFO - 2021-06-10 15:39:53 --> Controller "App\Controllers\base\Beranda" loaded.
INFO - 2021-06-10 15:39:53 --> Controller "App\Controllers\base\Beranda" loaded.
INFO - 2021-06-10 15:41:13 --> Controller "App\Controllers\base\Beranda" loaded.
INFO - 2021-06-10 15:41:14 --> Controller "App\Controllers\base\Beranda" loaded.
INFO - 2021-06-10 15:41:14 --> Controller "App\Controllers\base\Beranda" loaded.
INFO - 2021-06-10 15:41:14 --> Controller "App\Controllers\base\Beranda" loaded.
INFO - 2021-06-10 15:41:46 --> Controller "App\Controllers\base\Beranda" loaded.
INFO - 2021-06-10 15:41:46 --> Controller "App\Controllers\base\Beranda" loaded.
INFO - 2021-06-10 15:41:46 --> Controller "App\Controllers\base\Beranda" loaded.
INFO - 2021-06-10 15:41:47 --> Controller "App\Controllers\base\Beranda" loaded.
INFO - 2021-06-10 15:42:29 --> Controller "App\Controllers\base\Beranda" loaded.
INFO - 2021-06-10 15:42:29 --> Controller "App\Controllers\base\Beranda" loaded.
INFO - 2021-06-10 15:42:30 --> Controller "App\Controllers\base\Beranda" loaded.
INFO - 2021-06-10 15:42:30 --> Controller "App\Controllers\base\Beranda" loaded.
INFO - 2021-06-10 15:42:59 --> Controller "App\Controllers\base\Beranda" loaded.
INFO - 2021-06-10 15:43:00 --> Controller "App\Controllers\base\Beranda" loaded.
INFO - 2021-06-10 15:43:00 --> Controller "App\Controllers\base\Beranda" loaded.
INFO - 2021-06-10 15:43:00 --> Controller "App\Controllers\base\Beranda" loaded.
INFO - 2021-06-10 15:52:31 --> Controller "App\Controllers\base\Beranda" loaded.
INFO - 2021-06-10 15:52:31 --> Controller "App\Controllers\base\Beranda" loaded.
INFO - 2021-06-10 15:52:32 --> Controller "App\Controllers\base\Beranda" loaded.
INFO - 2021-06-10 15:52:32 --> Controller "App\Controllers\base\Beranda" loaded.
INFO - 2021-06-10 15:53:49 --> Controller "App\Controllers\base\Beranda" loaded.
INFO - 2021-06-10 15:53:49 --> Controller "App\Controllers\base\Beranda" loaded.
INFO - 2021-06-10 15:53:49 --> Controller "App\Controllers\base\Beranda" loaded.
INFO - 2021-06-10 15:53:49 --> Controller "App\Controllers\base\Beranda" loaded.
INFO - 2021-06-10 15:55:11 --> Controller "App\Controllers\base\Beranda" loaded.
INFO - 2021-06-10 15:55:12 --> Controller "App\Controllers\base\Beranda" loaded.
INFO - 2021-06-10 15:55:12 --> Controller "App\Controllers\base\Beranda" loaded.
INFO - 2021-06-10 15:55:12 --> Controller "App\Controllers\base\Beranda" loaded.
INFO - 2021-06-10 15:57:24 --> Controller "App\Controllers\base\Beranda" loaded.
INFO - 2021-06-10 15:57:24 --> Controller "App\Controllers\base\Beranda" loaded.
INFO - 2021-06-10 15:57:24 --> Controller "App\Controllers\base\Beranda" loaded.
INFO - 2021-06-10 15:57:24 --> Controller "App\Controllers\base\Beranda" loaded.
INFO - 2021-06-10 15:58:31 --> Controller "App\Controllers\base\Beranda" loaded.
INFO - 2021-06-10 15:58:31 --> Controller "App\Controllers\base\Beranda" loaded.
INFO - 2021-06-10 15:58:31 --> Controller "App\Controllers\base\Beranda" loaded.
INFO - 2021-06-10 15:58:31 --> Controller "App\Controllers\base\Beranda" loaded.
INFO - 2021-06-10 16:11:26 --> Controller "App\Controllers\base\Beranda" loaded.
INFO - 2021-06-10 16:11:27 --> Controller "App\Controllers\base\Beranda" loaded.
INFO - 2021-06-10 16:11:27 --> Controller "App\Controllers\base\Beranda" loaded.
INFO - 2021-06-10 16:11:27 --> Controller "App\Controllers\base\Beranda" loaded.
INFO - 2021-06-10 16:15:22 --> Controller "App\Controllers\base\Beranda" loaded.
INFO - 2021-06-10 16:15:22 --> Controller "App\Controllers\base\Beranda" loaded.
INFO - 2021-06-10 16:15:22 --> Controller "App\Controllers\base\Beranda" loaded.
INFO - 2021-06-10 16:15:22 --> Controller "App\Controllers\base\Beranda" loaded.
INFO - 2021-06-10 16:22:49 --> Controller "App\Controllers\base\Beranda" loaded.
INFO - 2021-06-10 16:22:49 --> Controller "App\Controllers\base\Beranda" loaded.
INFO - 2021-06-10 16:22:49 --> Controller "App\Controllers\base\Beranda" loaded.
INFO - 2021-06-10 16:22:50 --> Controller "App\Controllers\base\Beranda" loaded.
INFO - 2021-06-10 16:25:19 --> Controller "App\Controllers\base\Beranda" loaded.
INFO - 2021-06-10 16:25:20 --> Controller "App\Controllers\base\Beranda" loaded.
INFO - 2021-06-10 16:25:20 --> Controller "App\Controllers\base\Beranda" loaded.
INFO - 2021-06-10 16:25:20 --> Controller "App\Controllers\base\Beranda" loaded.
INFO - 2021-06-10 16:26:11 --> Controller "App\Controllers\base\Beranda" loaded.
INFO - 2021-06-10 16:26:11 --> Controller "App\Controllers\base\Beranda" loaded.
INFO - 2021-06-10 16:26:11 --> Controller "App\Controllers\base\Beranda" loaded.
INFO - 2021-06-10 16:26:11 --> Controller "App\Controllers\base\Beranda" loaded.
INFO - 2021-06-10 16:26:23 --> Controller "App\Controllers\base\Beranda" loaded.
INFO - 2021-06-10 16:26:23 --> Controller "App\Controllers\base\Beranda" loaded.
INFO - 2021-06-10 16:26:23 --> Controller "App\Controllers\base\Beranda" loaded.
INFO - 2021-06-10 16:26:24 --> Controller "App\Controllers\base\Beranda" loaded.
INFO - 2021-06-10 21:11:13 --> Controller "App\Controllers\base\Beranda" loaded.
INFO - 2021-06-10 21:11:13 --> Controller "App\Controllers\base\Beranda" loaded.
INFO - 2021-06-10 21:11:13 --> Controller "App\Controllers\base\Beranda" loaded.
INFO - 2021-06-10 21:11:13 --> Controller "App\Controllers\base\Beranda" loaded.
INFO - 2021-06-10 21:15:32 --> Controller "App\Controllers\base\Beranda" loaded.
INFO - 2021-06-10 21:15:32 --> Controller "App\Controllers\base\Beranda" loaded.
INFO - 2021-06-10 21:15:32 --> Controller "App\Controllers\base\Beranda" loaded.
INFO - 2021-06-10 21:15:32 --> Controller "App\Controllers\base\Beranda" loaded.
INFO - 2021-06-10 21:16:27 --> Controller "App\Controllers\base\Beranda" loaded.
INFO - 2021-06-10 21:16:27 --> Controller "App\Controllers\base\Beranda" loaded.
INFO - 2021-06-10 21:16:27 --> Controller "App\Controllers\base\Beranda" loaded.
INFO - 2021-06-10 21:16:27 --> Controller "App\Controllers\base\Beranda" loaded.
INFO - 2021-06-10 21:25:31 --> Controller "App\Controllers\base\Beranda" loaded.
INFO - 2021-06-10 21:25:31 --> Controller "App\Controllers\base\Beranda" loaded.
INFO - 2021-06-10 21:25:31 --> Controller "App\Controllers\base\Beranda" loaded.
INFO - 2021-06-10 21:25:31 --> Controller "App\Controllers\base\Beranda" loaded.
INFO - 2021-06-10 21:28:23 --> Controller "App\Controllers\base\Beranda" loaded.
INFO - 2021-06-10 21:28:23 --> Controller "App\Controllers\base\Beranda" loaded.
INFO - 2021-06-10 21:28:23 --> Controller "App\Controllers\base\Beranda" loaded.
INFO - 2021-06-10 21:28:23 --> Controller "App\Controllers\base\Beranda" loaded.
INFO - 2021-06-10 21:29:51 --> Controller "App\Controllers\base\Beranda" loaded.
INFO - 2021-06-10 21:29:51 --> Controller "App\Controllers\base\Beranda" loaded.
INFO - 2021-06-10 21:29:51 --> Controller "App\Controllers\base\Beranda" loaded.
INFO - 2021-06-10 21:29:51 --> Controller "App\Controllers\base\Beranda" loaded.
INFO - 2021-06-10 21:30:26 --> Controller "App\Controllers\base\Beranda" loaded.
INFO - 2021-06-10 21:30:26 --> Controller "App\Controllers\base\Beranda" loaded.
INFO - 2021-06-10 21:30:26 --> Controller "App\Controllers\base\Beranda" loaded.
INFO - 2021-06-10 21:30:26 --> Controller "App\Controllers\base\Beranda" loaded.
INFO - 2021-06-10 21:30:59 --> Controller "App\Controllers\base\Beranda" loaded.
INFO - 2021-06-10 21:30:59 --> Controller "App\Controllers\base\Beranda" loaded.
INFO - 2021-06-10 21:30:59 --> Controller "App\Controllers\base\Beranda" loaded.
INFO - 2021-06-10 21:32:23 --> Controller "App\Controllers\base\Beranda" loaded.
INFO - 2021-06-10 21:32:23 --> Controller "App\Controllers\base\Beranda" loaded.
INFO - 2021-06-10 21:32:23 --> Controller "App\Controllers\base\Beranda" loaded.
INFO - 2021-06-10 21:32:23 --> Controller "App\Controllers\base\Beranda" loaded.
INFO - 2021-06-10 21:33:27 --> Controller "App\Controllers\base\Beranda" loaded.
INFO - 2021-06-10 21:33:28 --> Controller "App\Controllers\base\Beranda" loaded.
INFO - 2021-06-10 21:33:28 --> Controller "App\Controllers\base\Beranda" loaded.
INFO - 2021-06-10 21:33:28 --> Controller "App\Controllers\base\Beranda" loaded.
INFO - 2021-06-10 21:34:26 --> Controller "App\Controllers\base\Beranda" loaded.
INFO - 2021-06-10 21:34:26 --> Controller "App\Controllers\base\Beranda" loaded.
INFO - 2021-06-10 21:34:26 --> Controller "App\Controllers\base\Beranda" loaded.
INFO - 2021-06-10 21:34:26 --> Controller "App\Controllers\base\Beranda" loaded.
INFO - 2021-06-10 21:36:04 --> Controller "App\Controllers\base\Beranda" loaded.
INFO - 2021-06-10 21:36:04 --> Controller "App\Controllers\base\Beranda" loaded.
INFO - 2021-06-10 21:36:04 --> Controller "App\Controllers\base\Beranda" loaded.
INFO - 2021-06-10 21:36:04 --> Controller "App\Controllers\base\Beranda" loaded.
INFO - 2021-06-10 21:36:18 --> Controller "App\Controllers\base\Beranda" loaded.
INFO - 2021-06-10 21:36:18 --> Controller "App\Controllers\base\Beranda" loaded.
INFO - 2021-06-10 21:36:18 --> Controller "App\Controllers\base\Beranda" loaded.
INFO - 2021-06-10 21:36:18 --> Controller "App\Controllers\base\Beranda" loaded.
INFO - 2021-06-10 21:37:08 --> Controller "App\Controllers\base\Beranda" loaded.
INFO - 2021-06-10 21:37:08 --> Controller "App\Controllers\base\Beranda" loaded.
INFO - 2021-06-10 21:37:08 --> Controller "App\Controllers\base\Beranda" loaded.
INFO - 2021-06-10 21:37:08 --> Controller "App\Controllers\base\Beranda" loaded.
INFO - 2021-06-10 21:37:18 --> Controller "App\Controllers\base\Beranda" loaded.
INFO - 2021-06-10 21:37:18 --> Controller "App\Controllers\base\Beranda" loaded.
INFO - 2021-06-10 21:37:18 --> Controller "App\Controllers\base\Beranda" loaded.
INFO - 2021-06-10 21:37:18 --> Controller "App\Controllers\base\Beranda" loaded.
INFO - 2021-06-10 21:37:30 --> Controller "App\Controllers\base\Beranda" loaded.
INFO - 2021-06-10 21:37:31 --> Controller "App\Controllers\base\Beranda" loaded.
INFO - 2021-06-10 21:37:31 --> Controller "App\Controllers\base\Beranda" loaded.
INFO - 2021-06-10 21:37:31 --> Controller "App\Controllers\base\Beranda" loaded.
INFO - 2021-06-10 21:37:42 --> Controller "App\Controllers\base\Beranda" loaded.
INFO - 2021-06-10 21:37:42 --> Controller "App\Controllers\base\Beranda" loaded.
INFO - 2021-06-10 21:37:42 --> Controller "App\Controllers\base\Beranda" loaded.
INFO - 2021-06-10 21:37:43 --> Controller "App\Controllers\base\Beranda" loaded.
INFO - 2021-06-10 21:37:52 --> Controller "App\Controllers\base\Beranda" loaded.
INFO - 2021-06-10 21:37:52 --> Controller "App\Controllers\base\Beranda" loaded.
INFO - 2021-06-10 21:37:52 --> Controller "App\Controllers\base\Beranda" loaded.
INFO - 2021-06-10 21:37:52 --> Controller "App\Controllers\base\Beranda" loaded.
INFO - 2021-06-10 21:37:59 --> Controller "App\Controllers\base\Beranda" loaded.
INFO - 2021-06-10 21:38:00 --> Controller "App\Controllers\base\Beranda" loaded.
INFO - 2021-06-10 21:38:00 --> Controller "App\Controllers\base\Beranda" loaded.
INFO - 2021-06-10 21:38:00 --> Controller "App\Controllers\base\Beranda" loaded.
INFO - 2021-06-10 21:38:08 --> Controller "App\Controllers\base\Beranda" loaded.
INFO - 2021-06-10 21:38:08 --> Controller "App\Controllers\base\Beranda" loaded.
INFO - 2021-06-10 21:38:08 --> Controller "App\Controllers\base\Beranda" loaded.
INFO - 2021-06-10 21:38:08 --> Controller "App\Controllers\base\Beranda" loaded.
INFO - 2021-06-10 21:38:18 --> Controller "App\Controllers\base\Beranda" loaded.
INFO - 2021-06-10 21:38:19 --> Controller "App\Controllers\base\Beranda" loaded.
INFO - 2021-06-10 21:38:19 --> Controller "App\Controllers\base\Beranda" loaded.
INFO - 2021-06-10 21:38:19 --> Controller "App\Controllers\base\Beranda" loaded.
INFO - 2021-06-10 21:38:50 --> Controller "App\Controllers\base\Beranda" loaded.
INFO - 2021-06-10 21:38:50 --> Controller "App\Controllers\base\Beranda" loaded.
INFO - 2021-06-10 21:38:50 --> Controller "App\Controllers\base\Beranda" loaded.
INFO - 2021-06-10 21:38:50 --> Controller "App\Controllers\base\Beranda" loaded.
INFO - 2021-06-10 21:39:19 --> Controller "App\Controllers\base\Beranda" loaded.
INFO - 2021-06-10 21:39:19 --> Controller "App\Controllers\base\Beranda" loaded.
INFO - 2021-06-10 21:39:19 --> Controller "App\Controllers\base\Beranda" loaded.
INFO - 2021-06-10 21:39:19 --> Controller "App\Controllers\base\Beranda" loaded.
INFO - 2021-06-10 21:41:14 --> Controller "App\Controllers\base\Beranda" loaded.
INFO - 2021-06-10 21:41:14 --> Controller "App\Controllers\base\Beranda" loaded.
INFO - 2021-06-10 21:41:14 --> Controller "App\Controllers\base\Beranda" loaded.
INFO - 2021-06-10 21:41:14 --> Controller "App\Controllers\base\Beranda" loaded.
INFO - 2021-06-10 21:42:41 --> Controller "App\Controllers\base\Beranda" loaded.
INFO - 2021-06-10 21:42:41 --> Controller "App\Controllers\base\Beranda" loaded.
INFO - 2021-06-10 21:42:41 --> Controller "App\Controllers\base\Beranda" loaded.
INFO - 2021-06-10 21:42:41 --> Controller "App\Controllers\base\Beranda" loaded.
INFO - 2021-06-10 21:42:45 --> Controller "App\Controllers\base\Beranda" loaded.
INFO - 2021-06-10 21:42:45 --> Controller "App\Controllers\base\Beranda" loaded.
INFO - 2021-06-10 21:42:45 --> Controller "App\Controllers\base\Beranda" loaded.
INFO - 2021-06-10 21:42:45 --> Controller "App\Controllers\base\Beranda" loaded.
INFO - 2021-06-10 21:42:59 --> Controller "App\Controllers\base\Beranda" loaded.
INFO - 2021-06-10 21:42:59 --> Controller "App\Controllers\base\Beranda" loaded.
INFO - 2021-06-10 21:42:59 --> Controller "App\Controllers\base\Beranda" loaded.
INFO - 2021-06-10 21:43:00 --> Controller "App\Controllers\base\Beranda" loaded.
INFO - 2021-06-10 21:43:01 --> Controller "App\Controllers\base\Beranda" loaded.
INFO - 2021-06-10 21:43:01 --> Controller "App\Controllers\base\Beranda" loaded.
INFO - 2021-06-10 21:43:01 --> Controller "App\Controllers\base\Beranda" loaded.
INFO - 2021-06-10 21:43:02 --> Controller "App\Controllers\base\Beranda" loaded.
INFO - 2021-06-10 21:43:58 --> Controller "App\Controllers\base\Beranda" loaded.
INFO - 2021-06-10 21:43:58 --> Controller "App\Controllers\base\Beranda" loaded.
INFO - 2021-06-10 21:43:58 --> Controller "App\Controllers\base\Beranda" loaded.
INFO - 2021-06-10 21:43:58 --> Controller "App\Controllers\base\Beranda" loaded.
INFO - 2021-06-10 21:44:18 --> Controller "App\Controllers\base\Beranda" loaded.
INFO - 2021-06-10 21:44:18 --> Controller "App\Controllers\base\Beranda" loaded.
INFO - 2021-06-10 21:44:18 --> Controller "App\Controllers\base\Beranda" loaded.
INFO - 2021-06-10 21:44:18 --> Controller "App\Controllers\base\Beranda" loaded.
INFO - 2021-06-10 21:44:34 --> Controller "App\Controllers\base\Beranda" loaded.
INFO - 2021-06-10 21:44:34 --> Controller "App\Controllers\base\Beranda" loaded.
INFO - 2021-06-10 21:44:34 --> Controller "App\Controllers\base\Beranda" loaded.
INFO - 2021-06-10 21:44:34 --> Controller "App\Controllers\base\Beranda" loaded.
INFO - 2021-06-10 21:45:09 --> Controller "App\Controllers\base\Beranda" loaded.
INFO - 2021-06-10 21:45:09 --> Controller "App\Controllers\base\Beranda" loaded.
INFO - 2021-06-10 21:45:09 --> Controller "App\Controllers\base\Beranda" loaded.
INFO - 2021-06-10 21:45:09 --> Controller "App\Controllers\base\Beranda" loaded.
INFO - 2021-06-10 21:46:12 --> Controller "App\Controllers\base\Beranda" loaded.
INFO - 2021-06-10 21:46:12 --> Controller "App\Controllers\base\Beranda" loaded.
INFO - 2021-06-10 21:46:12 --> Controller "App\Controllers\base\Beranda" loaded.
INFO - 2021-06-10 21:46:13 --> Controller "App\Controllers\base\Beranda" loaded.
INFO - 2021-06-10 21:47:10 --> Controller "App\Controllers\base\Beranda" loaded.
INFO - 2021-06-10 21:47:11 --> Controller "App\Controllers\base\Beranda" loaded.
INFO - 2021-06-10 21:47:11 --> Controller "App\Controllers\base\Beranda" loaded.
INFO - 2021-06-10 21:47:11 --> Controller "App\Controllers\base\Beranda" loaded.
INFO - 2021-06-10 21:50:30 --> Controller "App\Controllers\base\Beranda" loaded.
INFO - 2021-06-10 21:50:30 --> Controller "App\Controllers\base\Beranda" loaded.
INFO - 2021-06-10 21:50:30 --> Controller "App\Controllers\base\Beranda" loaded.
INFO - 2021-06-10 21:50:30 --> Controller "App\Controllers\base\Beranda" loaded.
INFO - 2021-06-10 21:50:57 --> Controller "App\Controllers\base\Beranda" loaded.
INFO - 2021-06-10 21:50:58 --> Controller "App\Controllers\base\Beranda" loaded.
INFO - 2021-06-10 21:50:58 --> Controller "App\Controllers\base\Beranda" loaded.
INFO - 2021-06-10 21:50:58 --> Controller "App\Controllers\base\Beranda" loaded.
INFO - 2021-06-10 21:51:44 --> Controller "App\Controllers\base\Beranda" loaded.
INFO - 2021-06-10 21:51:44 --> Controller "App\Controllers\base\Beranda" loaded.
INFO - 2021-06-10 21:51:44 --> Controller "App\Controllers\base\Beranda" loaded.
INFO - 2021-06-10 21:51:44 --> Controller "App\Controllers\base\Beranda" loaded.
INFO - 2021-06-10 21:52:25 --> Controller "App\Controllers\base\Beranda" loaded.
INFO - 2021-06-10 21:52:26 --> Controller "App\Controllers\base\Beranda" loaded.
INFO - 2021-06-10 21:52:26 --> Controller "App\Controllers\base\Beranda" loaded.
INFO - 2021-06-10 21:52:26 --> Controller "App\Controllers\base\Beranda" loaded.
INFO - 2021-06-10 22:01:27 --> Controller "App\Controllers\base\Beranda" loaded.
INFO - 2021-06-10 22:01:28 --> Controller "App\Controllers\base\Beranda" loaded.
INFO - 2021-06-10 22:01:28 --> Controller "App\Controllers\base\Beranda" loaded.
INFO - 2021-06-10 22:01:28 --> Controller "App\Controllers\base\Beranda" loaded.
INFO - 2021-06-10 22:03:27 --> Controller "App\Controllers\base\Beranda" loaded.
INFO - 2021-06-10 22:03:27 --> Controller "App\Controllers\base\Beranda" loaded.
INFO - 2021-06-10 22:03:27 --> Controller "App\Controllers\base\Beranda" loaded.
INFO - 2021-06-10 22:03:27 --> Controller "App\Controllers\base\Beranda" loaded.
INFO - 2021-06-10 22:04:16 --> Controller "App\Controllers\base\Beranda" loaded.
INFO - 2021-06-10 22:04:16 --> Controller "App\Controllers\base\Beranda" loaded.
INFO - 2021-06-10 22:04:16 --> Controller "App\Controllers\base\Beranda" loaded.
INFO - 2021-06-10 22:04:16 --> Controller "App\Controllers\base\Beranda" loaded.
INFO - 2021-06-10 22:05:09 --> Controller "App\Controllers\base\Beranda" loaded.
INFO - 2021-06-10 22:05:10 --> Controller "App\Controllers\base\Beranda" loaded.
INFO - 2021-06-10 22:05:10 --> Controller "App\Controllers\base\Beranda" loaded.
INFO - 2021-06-10 22:05:10 --> Controller "App\Controllers\base\Beranda" loaded.
INFO - 2021-06-10 22:06:17 --> Controller "App\Controllers\base\Beranda" loaded.
INFO - 2021-06-10 22:06:18 --> Controller "App\Controllers\base\Beranda" loaded.
INFO - 2021-06-10 22:06:18 --> Controller "App\Controllers\base\Beranda" loaded.
INFO - 2021-06-10 22:06:18 --> Controller "App\Controllers\base\Beranda" loaded.
INFO - 2021-06-10 22:06:52 --> Controller "App\Controllers\base\Beranda" loaded.
INFO - 2021-06-10 22:06:53 --> Controller "App\Controllers\base\Beranda" loaded.
INFO - 2021-06-10 22:06:53 --> Controller "App\Controllers\base\Beranda" loaded.
INFO - 2021-06-10 22:06:53 --> Controller "App\Controllers\base\Beranda" loaded.
INFO - 2021-06-10 22:08:33 --> Controller "App\Controllers\base\Beranda" loaded.
INFO - 2021-06-10 22:08:34 --> Controller "App\Controllers\base\Beranda" loaded.
INFO - 2021-06-10 22:08:34 --> Controller "App\Controllers\base\Beranda" loaded.
INFO - 2021-06-10 22:08:34 --> Controller "App\Controllers\base\Beranda" loaded.
INFO - 2021-06-10 22:08:38 --> Controller "App\Controllers\base\Beranda" loaded.
INFO - 2021-06-10 22:08:39 --> Controller "App\Controllers\base\Beranda" loaded.
INFO - 2021-06-10 22:08:39 --> Controller "App\Controllers\base\Beranda" loaded.
INFO - 2021-06-10 22:08:39 --> Controller "App\Controllers\base\Beranda" loaded.
INFO - 2021-06-10 22:08:59 --> Controller "App\Controllers\base\Beranda" loaded.
INFO - 2021-06-10 22:08:59 --> Controller "App\Controllers\base\Beranda" loaded.
INFO - 2021-06-10 22:08:59 --> Controller "App\Controllers\base\Beranda" loaded.
INFO - 2021-06-10 22:09:00 --> Controller "App\Controllers\base\Beranda" loaded.
INFO - 2021-06-10 22:10:32 --> Controller "App\Controllers\base\Beranda" loaded.
INFO - 2021-06-10 22:10:32 --> Controller "App\Controllers\base\Beranda" loaded.
INFO - 2021-06-10 22:10:32 --> Controller "App\Controllers\base\Beranda" loaded.
INFO - 2021-06-10 22:10:32 --> Controller "App\Controllers\base\Beranda" loaded.
INFO - 2021-06-10 22:10:54 --> Controller "App\Controllers\base\Beranda" loaded.
INFO - 2021-06-10 22:10:54 --> Controller "App\Controllers\base\Beranda" loaded.
INFO - 2021-06-10 22:10:54 --> Controller "App\Controllers\base\Beranda" loaded.
INFO - 2021-06-10 22:10:54 --> Controller "App\Controllers\base\Beranda" loaded.
INFO - 2021-06-10 22:12:25 --> Controller "App\Controllers\base\Beranda" loaded.
INFO - 2021-06-10 22:12:25 --> Controller "App\Controllers\base\Beranda" loaded.
INFO - 2021-06-10 22:12:25 --> Controller "App\Controllers\base\Beranda" loaded.
INFO - 2021-06-10 22:12:26 --> Controller "App\Controllers\base\Beranda" loaded.
INFO - 2021-06-10 22:14:54 --> Controller "App\Controllers\base\Beranda" loaded.
INFO - 2021-06-10 22:14:54 --> Controller "App\Controllers\base\Beranda" loaded.
INFO - 2021-06-10 22:14:54 --> Controller "App\Controllers\base\Beranda" loaded.
INFO - 2021-06-10 22:14:54 --> Controller "App\Controllers\base\Beranda" loaded.
INFO - 2021-06-10 22:16:43 --> Controller "App\Controllers\base\Beranda" loaded.
INFO - 2021-06-10 22:16:43 --> Controller "App\Controllers\base\Beranda" loaded.
INFO - 2021-06-10 22:16:43 --> Controller "App\Controllers\base\Beranda" loaded.
INFO - 2021-06-10 22:16:43 --> Controller "App\Controllers\base\Beranda" loaded.
INFO - 2021-06-10 22:17:10 --> Controller "App\Controllers\base\Beranda" loaded.
INFO - 2021-06-10 22:17:10 --> Controller "App\Controllers\base\Beranda" loaded.
INFO - 2021-06-10 22:17:11 --> Controller "App\Controllers\base\Beranda" loaded.
INFO - 2021-06-10 22:17:11 --> Controller "App\Controllers\base\Beranda" loaded.
INFO - 2021-06-10 22:17:32 --> Controller "App\Controllers\base\Beranda" loaded.
INFO - 2021-06-10 22:17:39 --> Controller "App\Controllers\base\Beranda" loaded.
INFO - 2021-06-10 22:17:43 --> Controller "App\Controllers\base\Beranda" loaded.
INFO - 2021-06-10 22:17:49 --> Controller "App\Controllers\base\Beranda" loaded.
INFO - 2021-06-10 22:17:49 --> Controller "App\Controllers\base\Beranda" loaded.
INFO - 2021-06-10 22:17:49 --> Controller "App\Controllers\base\Beranda" loaded.
INFO - 2021-06-10 22:19:35 --> Controller "App\Controllers\base\Beranda" loaded.
INFO - 2021-06-10 22:19:35 --> Controller "App\Controllers\base\Beranda" loaded.
INFO - 2021-06-10 22:19:35 --> Controller "App\Controllers\base\Beranda" loaded.
INFO - 2021-06-10 22:20:36 --> Controller "App\Controllers\base\Beranda" loaded.
INFO - 2021-06-10 22:20:36 --> Controller "App\Controllers\base\Beranda" loaded.
INFO - 2021-06-10 22:20:36 --> Controller "App\Controllers\base\Beranda" loaded.
INFO - 2021-06-10 22:20:36 --> Controller "App\Controllers\base\Beranda" loaded.
INFO - 2021-06-10 22:21:09 --> Controller "App\Controllers\base\Beranda" loaded.
INFO - 2021-06-10 22:21:09 --> Controller "App\Controllers\base\Beranda" loaded.
INFO - 2021-06-10 22:21:09 --> Controller "App\Controllers\base\Beranda" loaded.
INFO - 2021-06-10 22:21:09 --> Controller "App\Controllers\base\Beranda" loaded.
INFO - 2021-06-10 22:21:31 --> Controller "App\Controllers\base\Beranda" loaded.
INFO - 2021-06-10 22:21:31 --> Controller "App\Controllers\base\Beranda" loaded.
INFO - 2021-06-10 22:21:31 --> Controller "App\Controllers\base\Beranda" loaded.
INFO - 2021-06-10 22:21:31 --> Controller "App\Controllers\base\Beranda" loaded.
INFO - 2021-06-10 22:23:03 --> Controller "App\Controllers\base\Beranda" loaded.
INFO - 2021-06-10 22:23:04 --> Controller "App\Controllers\base\Beranda" loaded.
INFO - 2021-06-10 22:23:04 --> Controller "App\Controllers\base\Beranda" loaded.
INFO - 2021-06-10 22:23:04 --> Controller "App\Controllers\base\Beranda" loaded.
INFO - 2021-06-10 22:23:38 --> Controller "App\Controllers\base\Beranda" loaded.
INFO - 2021-06-10 22:23:38 --> Controller "App\Controllers\base\Beranda" loaded.
INFO - 2021-06-10 22:23:38 --> Controller "App\Controllers\base\Beranda" loaded.
INFO - 2021-06-10 22:23:38 --> Controller "App\Controllers\base\Beranda" loaded.
INFO - 2021-06-10 22:24:28 --> Controller "App\Controllers\base\Beranda" loaded.
INFO - 2021-06-10 22:24:28 --> Controller "App\Controllers\base\Beranda" loaded.
INFO - 2021-06-10 22:24:28 --> Controller "App\Controllers\base\Beranda" loaded.
INFO - 2021-06-10 22:24:28 --> Controller "App\Controllers\base\Beranda" loaded.
INFO - 2021-06-10 22:25:41 --> Controller "App\Controllers\base\Beranda" loaded.
INFO - 2021-06-10 22:25:41 --> Controller "App\Controllers\base\Beranda" loaded.
INFO - 2021-06-10 22:25:41 --> Controller "App\Controllers\base\Beranda" loaded.
INFO - 2021-06-10 22:25:41 --> Controller "App\Controllers\base\Beranda" loaded.
INFO - 2021-06-10 22:26:10 --> Controller "App\Controllers\base\Beranda" loaded.
INFO - 2021-06-10 22:26:11 --> Controller "App\Controllers\base\Beranda" loaded.
INFO - 2021-06-10 22:26:11 --> Controller "App\Controllers\base\Beranda" loaded.
INFO - 2021-06-10 22:26:11 --> Controller "App\Controllers\base\Beranda" loaded.
INFO - 2021-06-10 22:28:55 --> Controller "App\Controllers\base\Beranda" loaded.
INFO - 2021-06-10 22:28:55 --> Controller "App\Controllers\base\Beranda" loaded.
INFO - 2021-06-10 22:28:56 --> Controller "App\Controllers\base\Beranda" loaded.
INFO - 2021-06-10 22:28:56 --> Controller "App\Controllers\base\Beranda" loaded.
INFO - 2021-06-10 22:29:24 --> Controller "App\Controllers\base\Beranda" loaded.
INFO - 2021-06-10 22:29:24 --> Controller "App\Controllers\base\Beranda" loaded.
INFO - 2021-06-10 22:29:24 --> Controller "App\Controllers\base\Beranda" loaded.
INFO - 2021-06-10 22:29:25 --> Controller "App\Controllers\base\Beranda" loaded.
INFO - 2021-06-10 22:30:02 --> Controller "App\Controllers\base\Beranda" loaded.
INFO - 2021-06-10 22:30:02 --> Controller "App\Controllers\base\Beranda" loaded.
INFO - 2021-06-10 22:30:02 --> Controller "App\Controllers\base\Beranda" loaded.
INFO - 2021-06-10 22:30:02 --> Controller "App\Controllers\base\Beranda" loaded.
INFO - 2021-06-10 22:31:00 --> Controller "App\Controllers\base\Beranda" loaded.
INFO - 2021-06-10 22:31:00 --> Controller "App\Controllers\base\Beranda" loaded.
INFO - 2021-06-10 22:31:00 --> Controller "App\Controllers\base\Beranda" loaded.
INFO - 2021-06-10 22:31:00 --> Controller "App\Controllers\base\Beranda" loaded.
INFO - 2021-06-10 22:31:07 --> Controller "App\Controllers\base\Beranda" loaded.
INFO - 2021-06-10 22:33:34 --> Controller "App\Controllers\base\Beranda" loaded.
INFO - 2021-06-10 22:33:34 --> Controller "App\Controllers\base\Beranda" loaded.
INFO - 2021-06-10 22:33:34 --> Controller "App\Controllers\base\Beranda" loaded.
INFO - 2021-06-10 22:33:34 --> Controller "App\Controllers\base\Beranda" loaded.
INFO - 2021-06-10 22:33:37 --> Controller "App\Controllers\base\Beranda" loaded.
INFO - 2021-06-10 22:33:37 --> Controller "App\Controllers\base\Beranda" loaded.
INFO - 2021-06-10 22:33:37 --> Controller "App\Controllers\base\Beranda" loaded.
INFO - 2021-06-10 22:33:37 --> Controller "App\Controllers\base\Beranda" loaded.
INFO - 2021-06-10 22:33:53 --> Controller "App\Controllers\base\Beranda" loaded.
INFO - 2021-06-10 22:33:53 --> Controller "App\Controllers\base\Beranda" loaded.
INFO - 2021-06-10 22:33:53 --> Controller "App\Controllers\base\Beranda" loaded.
INFO - 2021-06-10 22:33:53 --> Controller "App\Controllers\base\Beranda" loaded.
INFO - 2021-06-10 22:34:25 --> Controller "App\Controllers\base\Beranda" loaded.
INFO - 2021-06-10 22:34:38 --> Controller "App\Controllers\base\Beranda" loaded.
INFO - 2021-06-10 22:34:49 --> Controller "App\Controllers\base\Beranda" loaded.
INFO - 2021-06-10 22:36:10 --> Controller "App\Controllers\base\Beranda" loaded.
INFO - 2021-06-10 22:36:39 --> Controller "App\Controllers\base\Beranda" loaded.
INFO - 2021-06-10 22:36:39 --> Controller "App\Controllers\base\Beranda" loaded.
INFO - 2021-06-10 22:36:39 --> Controller "App\Controllers\base\Beranda" loaded.
INFO - 2021-06-10 22:41:37 --> Controller "App\Controllers\base\Beranda" loaded.
INFO - 2021-06-10 22:41:37 --> Controller "App\Controllers\base\Beranda" loaded.
INFO - 2021-06-10 22:41:37 --> Controller "App\Controllers\base\Beranda" loaded.
INFO - 2021-06-10 22:41:38 --> Controller "App\Controllers\base\Beranda" loaded.
INFO - 2021-06-10 22:42:29 --> Controller "App\Controllers\base\Beranda" loaded.
INFO - 2021-06-10 22:43:55 --> Controller "App\Controllers\base\Beranda" loaded.
INFO - 2021-06-10 22:45:29 --> Controller "App\Controllers\base\Beranda" loaded.
